0 info it worked if it ends with ok
1 verbose cli [ '/usr/bin/node', '/usr/bin/npm', 'install', 'mocha', '-g' ]
2 info using npm@3.5.2
3 info using node@v8.10.0
4 silly loadCurrentTree Starting
5 silly install loadCurrentTree
6 silly install readGlobalPackageData
7 silly fetchPackageMetaData mocha
8 silly fetchNamedPackageData mocha
9 silly mapToRegistry name mocha
10 silly mapToRegistry using default registry
11 silly mapToRegistry registry https://registry.npmjs.org/
12 silly mapToRegistry uri https://registry.npmjs.org/mocha
13 verbose request uri https://registry.npmjs.org/mocha
14 verbose request no auth needed
15 info attempt registry request try #1 at 8:35:53 AM
16 verbose request id 25569b5ce0dd4b6f
17 verbose etag W/"bda315c48d788d9590e3d860e31039ce"
18 verbose lastModified Sun, 30 Sep 2018 18:10:37 GMT
19 http request GET https://registry.npmjs.org/mocha
20 http 304 https://registry.npmjs.org/mocha
21 verbose headers { date: 'Sun, 28 Oct 2018 05:35:54 GMT',
21 verbose headers   connection: 'keep-alive',
21 verbose headers   'set-cookie':
21 verbose headers    [ '__cfduid=d1b1a1d5e009ccba9259c0f2a26e22f3d1540704954; expires=Mon, 28-Oct-19 05:35:54 GMT; path=/; domain=.registry.npmjs.org; HttpOnly' ],
21 verbose headers   'cf-cache-status': 'HIT',
21 verbose headers   'cache-control': 'max-age=300',
21 verbose headers   'cf-ray': '470b0aabebd94e78-DME',
21 verbose headers   etag: '"bda315c48d788d9590e3d860e31039ce"',
21 verbose headers   'expect-ct': 'max-age=604800, report-uri="https://report-uri.cloudflare.com/cdn-cgi/beacon/expect-ct"',
21 verbose headers   'last-modified': 'Sun, 30 Sep 2018 18:10:37 GMT',
21 verbose headers   vary: 'accept-encoding, accept',
21 verbose headers   'x-amz-meta-rev': '1141-fff79e13ef61631d10b7e83167fa4a5e',
21 verbose headers   server: 'cloudflare' }
22 silly get cb [ 304,
22 silly get   { date: 'Sun, 28 Oct 2018 05:35:54 GMT',
22 silly get     connection: 'keep-alive',
22 silly get     'set-cookie':
22 silly get      [ '__cfduid=d1b1a1d5e009ccba9259c0f2a26e22f3d1540704954; expires=Mon, 28-Oct-19 05:35:54 GMT; path=/; domain=.registry.npmjs.org; HttpOnly' ],
22 silly get     'cf-cache-status': 'HIT',
22 silly get     'cache-control': 'max-age=300',
22 silly get     'cf-ray': '470b0aabebd94e78-DME',
22 silly get     etag: '"bda315c48d788d9590e3d860e31039ce"',
22 silly get     'expect-ct': 'max-age=604800, report-uri="https://report-uri.cloudflare.com/cdn-cgi/beacon/expect-ct"',
22 silly get     'last-modified': 'Sun, 30 Sep 2018 18:10:37 GMT',
22 silly get     vary: 'accept-encoding, accept',
22 silly get     'x-amz-meta-rev': '1141-fff79e13ef61631d10b7e83167fa4a5e',
22 silly get     server: 'cloudflare' } ]
23 verbose etag https://registry.npmjs.org/mocha from cache
24 verbose get saving mocha to /home/dmitry/.npm/registry.npmjs.org/mocha/.cache.json
25 silly install normalizeTree
26 silly loadCurrentTree Finishing
27 silly loadIdealTree Starting
28 silly install loadIdealTree
29 silly cloneCurrentTree Starting
30 silly install cloneCurrentTreeToIdealTree
31 silly cloneCurrentTree Finishing
32 silly loadShrinkwrap Starting
33 silly install loadShrinkwrap
34 silly loadShrinkwrap Finishing
35 silly loadAllDepsIntoIdealTree Starting
36 silly install loadAllDepsIntoIdealTree
37 silly resolveWithNewModule mocha@5.2.0 checking installable status
38 silly cache add args [ 'mocha', null ]
39 verbose cache add spec mocha
40 silly cache add parsed spec Result {
40 silly cache add   raw: 'mocha',
40 silly cache add   scope: null,
40 silly cache add   name: 'mocha',
40 silly cache add   rawSpec: '',
40 silly cache add   spec: 'latest',
40 silly cache add   type: 'tag' }
41 silly addNamed mocha@latest
42 verbose addNamed "latest" is being treated as a dist-tag for mocha
43 info addNameTag [ 'mocha', 'latest' ]
44 silly mapToRegistry name mocha
45 silly mapToRegistry using default registry
46 silly mapToRegistry registry https://registry.npmjs.org/
47 silly mapToRegistry uri https://registry.npmjs.org/mocha
48 verbose addNameTag registry:https://registry.npmjs.org/mocha not in flight; fetching
49 verbose get https://registry.npmjs.org/mocha not expired, no request
50 silly addNameTag next cb for mocha with tag latest
51 silly addNamed mocha@5.2.0
52 verbose addNamed "5.2.0" is a plain semver version for mocha
53 silly cache afterAdd mocha@5.2.0
54 verbose afterAdd /home/dmitry/.npm/mocha/5.2.0/package/package.json not in flight; writing
55 verbose afterAdd /home/dmitry/.npm/mocha/5.2.0/package/package.json written
56 silly fetchNamedPackageData browser-stdout
57 silly mapToRegistry name browser-stdout
58 silly mapToRegistry using default registry
59 silly mapToRegistry registry https://registry.npmjs.org/
60 silly mapToRegistry uri https://registry.npmjs.org/browser-stdout
61 silly fetchNamedPackageData commander
62 silly mapToRegistry name commander
63 silly mapToRegistry using default registry
64 silly mapToRegistry registry https://registry.npmjs.org/
65 silly mapToRegistry uri https://registry.npmjs.org/commander
66 silly fetchNamedPackageData debug
67 silly mapToRegistry name debug
68 silly mapToRegistry using default registry
69 silly mapToRegistry registry https://registry.npmjs.org/
70 silly mapToRegistry uri https://registry.npmjs.org/debug
71 silly fetchNamedPackageData diff
72 silly mapToRegistry name diff
73 silly mapToRegistry using default registry
74 silly mapToRegistry registry https://registry.npmjs.org/
75 silly mapToRegistry uri https://registry.npmjs.org/diff
76 silly fetchNamedPackageData escape-string-regexp
77 silly mapToRegistry name escape-string-regexp
78 silly mapToRegistry using default registry
79 silly mapToRegistry registry https://registry.npmjs.org/
80 silly mapToRegistry uri https://registry.npmjs.org/escape-string-regexp
81 silly fetchNamedPackageData glob
82 silly mapToRegistry name glob
83 silly mapToRegistry using default registry
84 silly mapToRegistry registry https://registry.npmjs.org/
85 silly mapToRegistry uri https://registry.npmjs.org/glob
86 silly fetchNamedPackageData growl
87 silly mapToRegistry name growl
88 silly mapToRegistry using default registry
89 silly mapToRegistry registry https://registry.npmjs.org/
90 silly mapToRegistry uri https://registry.npmjs.org/growl
91 silly fetchNamedPackageData he
92 silly mapToRegistry name he
93 silly mapToRegistry using default registry
94 silly mapToRegistry registry https://registry.npmjs.org/
95 silly mapToRegistry uri https://registry.npmjs.org/he
96 silly fetchNamedPackageData minimatch
97 silly mapToRegistry name minimatch
98 silly mapToRegistry using default registry
99 silly mapToRegistry registry https://registry.npmjs.org/
100 silly mapToRegistry uri https://registry.npmjs.org/minimatch
101 silly fetchNamedPackageData mkdirp
102 silly mapToRegistry name mkdirp
103 silly mapToRegistry using default registry
104 silly mapToRegistry registry https://registry.npmjs.org/
105 silly mapToRegistry uri https://registry.npmjs.org/mkdirp
106 silly fetchNamedPackageData supports-color
107 silly mapToRegistry name supports-color
108 silly mapToRegistry using default registry
109 silly mapToRegistry registry https://registry.npmjs.org/
110 silly mapToRegistry uri https://registry.npmjs.org/supports-color
111 verbose request uri https://registry.npmjs.org/debug
112 verbose request no auth needed
113 info attempt registry request try #1 at 8:35:55 AM
114 verbose etag W/"c231e80201133c7ef0c0538e1d17a0cd"
115 verbose lastModified Wed, 10 Oct 2018 06:52:33 GMT
116 http request GET https://registry.npmjs.org/debug
117 verbose request uri https://registry.npmjs.org/browser-stdout
118 verbose request no auth needed
119 info attempt registry request try #1 at 8:35:55 AM
120 verbose etag W/"ad7ee1c0c8f38e2f2bef40d5d7f48977"
121 verbose lastModified Sat, 26 May 2018 19:02:02 GMT
122 http request GET https://registry.npmjs.org/browser-stdout
123 verbose request uri https://registry.npmjs.org/commander
124 verbose request no auth needed
125 info attempt registry request try #1 at 8:35:55 AM
126 verbose etag W/"88d6739e495c6316f90ffd5547b5d535"
127 verbose lastModified Mon, 08 Oct 2018 21:51:18 GMT
128 http request GET https://registry.npmjs.org/commander
129 verbose request uri https://registry.npmjs.org/diff
130 verbose request no auth needed
131 info attempt registry request try #1 at 8:35:55 AM
132 verbose etag W/"31f9b4169097df711c83690642f97a18"
133 verbose lastModified Sat, 26 May 2018 22:07:14 GMT
134 http request GET https://registry.npmjs.org/diff
135 verbose request uri https://registry.npmjs.org/glob
136 verbose request no auth needed
137 info attempt registry request try #1 at 8:35:55 AM
138 verbose etag W/"6c24f80b15dd4675d44efcbfb93a21cb"
139 verbose lastModified Mon, 27 Aug 2018 05:05:09 GMT
140 http request GET https://registry.npmjs.org/glob
141 verbose request uri https://registry.npmjs.org/escape-string-regexp
142 verbose request no auth needed
143 info attempt registry request try #1 at 8:35:55 AM
144 verbose etag W/"7b9c9b5877ab081e6f93162c43fcc388"
145 verbose lastModified Sat, 26 May 2018 23:42:59 GMT
146 http request GET https://registry.npmjs.org/escape-string-regexp
147 verbose request uri https://registry.npmjs.org/he
148 verbose request no auth needed
149 info attempt registry request try #1 at 8:35:55 AM
150 verbose etag W/"f85e86625232beb9960f7db7f9d5bd7f"
151 verbose lastModified Sun, 23 Sep 2018 17:18:26 GMT
152 http request GET https://registry.npmjs.org/he
153 verbose request uri https://registry.npmjs.org/minimatch
154 verbose request no auth needed
155 info attempt registry request try #1 at 8:35:55 AM
156 verbose etag W/"6e7e7da96df71be2863b8b8d1fcb5152"
157 verbose lastModified Sun, 27 May 2018 08:07:30 GMT
158 http request GET https://registry.npmjs.org/minimatch
159 verbose request uri https://registry.npmjs.org/mkdirp
160 verbose request no auth needed
161 info attempt registry request try #1 at 8:35:55 AM
162 verbose etag "19ec0f65707a7bfc280c1ea2987930d8"
163 verbose lastModified Wed, 29 Aug 2018 02:22:27 GMT
164 http request GET https://registry.npmjs.org/mkdirp
165 verbose request uri https://registry.npmjs.org/supports-color
166 verbose request no auth needed
167 info attempt registry request try #1 at 8:35:55 AM
168 verbose etag W/"17ef9e7e03ff799150c584a3bb344312"
169 verbose lastModified Mon, 20 Aug 2018 04:37:41 GMT
170 http request GET https://registry.npmjs.org/supports-color
171 verbose request uri https://registry.npmjs.org/growl
172 verbose request no auth needed
173 info attempt registry request try #1 at 8:35:55 AM
174 verbose etag W/"03a81d3279ea8d2a06fb68c7d68a18c7"
175 verbose lastModified Sun, 27 May 2018 02:48:49 GMT
176 http request GET https://registry.npmjs.org/growl
177 http 304 https://registry.npmjs.org/debug
178 verbose headers { date: 'Sun, 28 Oct 2018 05:35:55 GMT',
178 verbose headers   connection: 'keep-alive',
178 verbose headers   'set-cookie':
178 verbose headers    [ '__cfduid=dfb18dea0ca08bf06971db662e7efd7ef1540704955; expires=Mon, 28-Oct-19 05:35:55 GMT; path=/; domain=.registry.npmjs.org; HttpOnly' ],
178 verbose headers   'cf-cache-status': 'HIT',
178 verbose headers   'cache-control': 'max-age=300',
178 verbose headers   'cf-ray': '470b0ab46e154e78-DME',
178 verbose headers   etag: '"c231e80201133c7ef0c0538e1d17a0cd"',
178 verbose headers   'expect-ct': 'max-age=604800, report-uri="https://report-uri.cloudflare.com/cdn-cgi/beacon/expect-ct"',
178 verbose headers   'last-modified': 'Wed, 10 Oct 2018 06:52:33 GMT',
178 verbose headers   vary: 'accept-encoding, accept',
178 verbose headers   'x-amz-meta-rev': '897-0f0f80a1041157a009568ccdd077be4a',
178 verbose headers   server: 'cloudflare' }
179 silly get cb [ 304,
179 silly get   { date: 'Sun, 28 Oct 2018 05:35:55 GMT',
179 silly get     connection: 'keep-alive',
179 silly get     'set-cookie':
179 silly get      [ '__cfduid=dfb18dea0ca08bf06971db662e7efd7ef1540704955; expires=Mon, 28-Oct-19 05:35:55 GMT; path=/; domain=.registry.npmjs.org; HttpOnly' ],
179 silly get     'cf-cache-status': 'HIT',
179 silly get     'cache-control': 'max-age=300',
179 silly get     'cf-ray': '470b0ab46e154e78-DME',
179 silly get     etag: '"c231e80201133c7ef0c0538e1d17a0cd"',
179 silly get     'expect-ct': 'max-age=604800, report-uri="https://report-uri.cloudflare.com/cdn-cgi/beacon/expect-ct"',
179 silly get     'last-modified': 'Wed, 10 Oct 2018 06:52:33 GMT',
179 silly get     vary: 'accept-encoding, accept',
179 silly get     'x-amz-meta-rev': '897-0f0f80a1041157a009568ccdd077be4a',
179 silly get     server: 'cloudflare' } ]
180 verbose etag https://registry.npmjs.org/debug from cache
181 verbose get saving debug to /home/dmitry/.npm/registry.npmjs.org/debug/.cache.json
182 silly resolveWithNewModule debug@3.1.0 checking installable status
183 silly cache add args [ 'debug@3.1.0', null ]
184 verbose cache add spec debug@3.1.0
185 silly cache add parsed spec Result {
185 silly cache add   raw: 'debug@3.1.0',
185 silly cache add   scope: null,
185 silly cache add   name: 'debug',
185 silly cache add   rawSpec: '3.1.0',
185 silly cache add   spec: '3.1.0',
185 silly cache add   type: 'version' }
186 silly addNamed debug@3.1.0
187 verbose addNamed "3.1.0" is a plain semver version for debug
188 silly mapToRegistry name debug
189 silly mapToRegistry using default registry
190 silly mapToRegistry registry https://registry.npmjs.org/
191 silly mapToRegistry uri https://registry.npmjs.org/debug
192 verbose addNameVersion registry:https://registry.npmjs.org/debug not in flight; fetching
193 http 304 https://registry.npmjs.org/mkdirp
194 verbose headers { date: 'Sun, 28 Oct 2018 05:35:55 GMT',
194 verbose headers   connection: 'keep-alive',
194 verbose headers   'set-cookie':
194 verbose headers    [ '__cfduid=dfb18dea0ca08bf06971db662e7efd7ef1540704955; expires=Mon, 28-Oct-19 05:35:55 GMT; path=/; domain=.registry.npmjs.org; HttpOnly' ],
194 verbose headers   'cf-cache-status': 'HIT',
194 verbose headers   'cache-control': 'max-age=300',
194 verbose headers   'cf-ray': '470b0ab4de334e78-DME',
194 verbose headers   etag: '"19ec0f65707a7bfc280c1ea2987930d8"',
194 verbose headers   'expect-ct': 'max-age=604800, report-uri="https://report-uri.cloudflare.com/cdn-cgi/beacon/expect-ct"',
194 verbose headers   'last-modified': 'Wed, 29 Aug 2018 02:22:27 GMT',
194 verbose headers   vary: 'accept-encoding, accept',
194 verbose headers   'x-amz-meta-rev': '446-c68b572886c7d6646d7ac814de0b9783',
194 verbose headers   server: 'cloudflare' }
195 silly get cb [ 304,
195 silly get   { date: 'Sun, 28 Oct 2018 05:35:55 GMT',
195 silly get     connection: 'keep-alive',
195 silly get     'set-cookie':
195 silly get      [ '__cfduid=dfb18dea0ca08bf06971db662e7efd7ef1540704955; expires=Mon, 28-Oct-19 05:35:55 GMT; path=/; domain=.registry.npmjs.org; HttpOnly' ],
195 silly get     'cf-cache-status': 'HIT',
195 silly get     'cache-control': 'max-age=300',
195 silly get     'cf-ray': '470b0ab4de334e78-DME',
195 silly get     etag: '"19ec0f65707a7bfc280c1ea2987930d8"',
195 silly get     'expect-ct': 'max-age=604800, report-uri="https://report-uri.cloudflare.com/cdn-cgi/beacon/expect-ct"',
195 silly get     'last-modified': 'Wed, 29 Aug 2018 02:22:27 GMT',
195 silly get     vary: 'accept-encoding, accept',
195 silly get     'x-amz-meta-rev': '446-c68b572886c7d6646d7ac814de0b9783',
195 silly get     server: 'cloudflare' } ]
196 verbose etag https://registry.npmjs.org/mkdirp from cache
197 verbose get saving mkdirp to /home/dmitry/.npm/registry.npmjs.org/mkdirp/.cache.json
198 http 304 https://registry.npmjs.org/diff
199 verbose headers { date: 'Sun, 28 Oct 2018 05:35:55 GMT',
199 verbose headers   connection: 'keep-alive',
199 verbose headers   'set-cookie':
199 verbose headers    [ '__cfduid=deb6fe3440a88da77f25d9a00392175fa1540704955; expires=Mon, 28-Oct-19 05:35:55 GMT; path=/; domain=.registry.npmjs.org; HttpOnly' ],
199 verbose headers   'cf-cache-status': 'HIT',
199 verbose headers   'cache-control': 'max-age=300',
199 verbose headers   'cf-ray': '470b0ab4f9568d9b-DME',
199 verbose headers   etag: '"31f9b4169097df711c83690642f97a18"',
199 verbose headers   'expect-ct': 'max-age=604800, report-uri="https://report-uri.cloudflare.com/cdn-cgi/beacon/expect-ct"',
199 verbose headers   'last-modified': 'Sat, 26 May 2018 22:07:14 GMT',
199 verbose headers   vary: 'accept-encoding, accept',
199 verbose headers   server: 'cloudflare' }
200 silly get cb [ 304,
200 silly get   { date: 'Sun, 28 Oct 2018 05:35:55 GMT',
200 silly get     connection: 'keep-alive',
200 silly get     'set-cookie':
200 silly get      [ '__cfduid=deb6fe3440a88da77f25d9a00392175fa1540704955; expires=Mon, 28-Oct-19 05:35:55 GMT; path=/; domain=.registry.npmjs.org; HttpOnly' ],
200 silly get     'cf-cache-status': 'HIT',
200 silly get     'cache-control': 'max-age=300',
200 silly get     'cf-ray': '470b0ab4f9568d9b-DME',
200 silly get     etag: '"31f9b4169097df711c83690642f97a18"',
200 silly get     'expect-ct': 'max-age=604800, report-uri="https://report-uri.cloudflare.com/cdn-cgi/beacon/expect-ct"',
200 silly get     'last-modified': 'Sat, 26 May 2018 22:07:14 GMT',
200 silly get     vary: 'accept-encoding, accept',
200 silly get     server: 'cloudflare' } ]
201 verbose etag https://registry.npmjs.org/diff from cache
202 verbose get saving diff to /home/dmitry/.npm/registry.npmjs.org/diff/.cache.json
203 http 304 https://registry.npmjs.org/escape-string-regexp
204 verbose headers { date: 'Sun, 28 Oct 2018 05:35:55 GMT',
204 verbose headers   connection: 'keep-alive',
204 verbose headers   'set-cookie':
204 verbose headers    [ '__cfduid=dfb18dea0ca08bf06971db662e7efd7ef1540704955; expires=Mon, 28-Oct-19 05:35:55 GMT; path=/; domain=.registry.npmjs.org; HttpOnly' ],
204 verbose headers   'cf-cache-status': 'HIT',
204 verbose headers   'cache-control': 'max-age=300',
204 verbose headers   'cf-ray': '470b0ab4fe364e78-DME',
204 verbose headers   etag: '"7b9c9b5877ab081e6f93162c43fcc388"',
204 verbose headers   'expect-ct': 'max-age=604800, report-uri="https://report-uri.cloudflare.com/cdn-cgi/beacon/expect-ct"',
204 verbose headers   'last-modified': 'Sat, 26 May 2018 23:42:59 GMT',
204 verbose headers   vary: 'accept-encoding, accept',
204 verbose headers   server: 'cloudflare' }
205 silly get cb [ 304,
205 silly get   { date: 'Sun, 28 Oct 2018 05:35:55 GMT',
205 silly get     connection: 'keep-alive',
205 silly get     'set-cookie':
205 silly get      [ '__cfduid=dfb18dea0ca08bf06971db662e7efd7ef1540704955; expires=Mon, 28-Oct-19 05:35:55 GMT; path=/; domain=.registry.npmjs.org; HttpOnly' ],
205 silly get     'cf-cache-status': 'HIT',
205 silly get     'cache-control': 'max-age=300',
205 silly get     'cf-ray': '470b0ab4fe364e78-DME',
205 silly get     etag: '"7b9c9b5877ab081e6f93162c43fcc388"',
205 silly get     'expect-ct': 'max-age=604800, report-uri="https://report-uri.cloudflare.com/cdn-cgi/beacon/expect-ct"',
205 silly get     'last-modified': 'Sat, 26 May 2018 23:42:59 GMT',
205 silly get     vary: 'accept-encoding, accept',
205 silly get     server: 'cloudflare' } ]
206 verbose etag https://registry.npmjs.org/escape-string-regexp from cache
207 verbose get saving escape-string-regexp to /home/dmitry/.npm/registry.npmjs.org/escape-string-regexp/.cache.json
208 http 304 https://registry.npmjs.org/browser-stdout
209 verbose headers { date: 'Sun, 28 Oct 2018 05:35:55 GMT',
209 verbose headers   connection: 'keep-alive',
209 verbose headers   'set-cookie':
209 verbose headers    [ '__cfduid=d7aff971de53bdebd7ec2cabbf2ec3fff1540704955; expires=Mon, 28-Oct-19 05:35:55 GMT; path=/; domain=.registry.npmjs.org; HttpOnly' ],
209 verbose headers   'cf-cache-status': 'HIT',
209 verbose headers   'cache-control': 'max-age=300',
209 verbose headers   'cf-ray': '470b0ab4f9244e96-DME',
209 verbose headers   etag: '"ad7ee1c0c8f38e2f2bef40d5d7f48977"',
209 verbose headers   'expect-ct': 'max-age=604800, report-uri="https://report-uri.cloudflare.com/cdn-cgi/beacon/expect-ct"',
209 verbose headers   'last-modified': 'Sat, 26 May 2018 19:02:02 GMT',
209 verbose headers   vary: 'accept-encoding, accept',
209 verbose headers   server: 'cloudflare' }
210 silly get cb [ 304,
210 silly get   { date: 'Sun, 28 Oct 2018 05:35:55 GMT',
210 silly get     connection: 'keep-alive',
210 silly get     'set-cookie':
210 silly get      [ '__cfduid=d7aff971de53bdebd7ec2cabbf2ec3fff1540704955; expires=Mon, 28-Oct-19 05:35:55 GMT; path=/; domain=.registry.npmjs.org; HttpOnly' ],
210 silly get     'cf-cache-status': 'HIT',
210 silly get     'cache-control': 'max-age=300',
210 silly get     'cf-ray': '470b0ab4f9244e96-DME',
210 silly get     etag: '"ad7ee1c0c8f38e2f2bef40d5d7f48977"',
210 silly get     'expect-ct': 'max-age=604800, report-uri="https://report-uri.cloudflare.com/cdn-cgi/beacon/expect-ct"',
210 silly get     'last-modified': 'Sat, 26 May 2018 19:02:02 GMT',
210 silly get     vary: 'accept-encoding, accept',
210 silly get     server: 'cloudflare' } ]
211 verbose etag https://registry.npmjs.org/browser-stdout from cache
212 verbose get saving browser-stdout to /home/dmitry/.npm/registry.npmjs.org/browser-stdout/.cache.json
213 http 304 https://registry.npmjs.org/commander
214 verbose headers { date: 'Sun, 28 Oct 2018 05:35:55 GMT',
214 verbose headers   connection: 'keep-alive',
214 verbose headers   'set-cookie':
214 verbose headers    [ '__cfduid=d190ec39af5b2b55436d3aece77cb72681540704955; expires=Mon, 28-Oct-19 05:35:55 GMT; path=/; domain=.registry.npmjs.org; HttpOnly' ],
214 verbose headers   'cf-cache-status': 'HIT',
214 verbose headers   'cache-control': 'max-age=300',
214 verbose headers   'cf-ray': '470b0ab4fb124f14-DME',
214 verbose headers   etag: '"88d6739e495c6316f90ffd5547b5d535"',
214 verbose headers   'expect-ct': 'max-age=604800, report-uri="https://report-uri.cloudflare.com/cdn-cgi/beacon/expect-ct"',
214 verbose headers   'last-modified': 'Mon, 08 Oct 2018 21:51:18 GMT',
214 verbose headers   vary: 'accept-encoding, accept',
214 verbose headers   'x-amz-meta-rev': '1315-86097ba9d23459ecf22ca91f1442f790',
214 verbose headers   server: 'cloudflare' }
215 silly get cb [ 304,
215 silly get   { date: 'Sun, 28 Oct 2018 05:35:55 GMT',
215 silly get     connection: 'keep-alive',
215 silly get     'set-cookie':
215 silly get      [ '__cfduid=d190ec39af5b2b55436d3aece77cb72681540704955; expires=Mon, 28-Oct-19 05:35:55 GMT; path=/; domain=.registry.npmjs.org; HttpOnly' ],
215 silly get     'cf-cache-status': 'HIT',
215 silly get     'cache-control': 'max-age=300',
215 silly get     'cf-ray': '470b0ab4fb124f14-DME',
215 silly get     etag: '"88d6739e495c6316f90ffd5547b5d535"',
215 silly get     'expect-ct': 'max-age=604800, report-uri="https://report-uri.cloudflare.com/cdn-cgi/beacon/expect-ct"',
215 silly get     'last-modified': 'Mon, 08 Oct 2018 21:51:18 GMT',
215 silly get     vary: 'accept-encoding, accept',
215 silly get     'x-amz-meta-rev': '1315-86097ba9d23459ecf22ca91f1442f790',
215 silly get     server: 'cloudflare' } ]
216 verbose etag https://registry.npmjs.org/commander from cache
217 verbose get saving commander to /home/dmitry/.npm/registry.npmjs.org/commander/.cache.json
218 http 304 https://registry.npmjs.org/he
219 verbose headers { date: 'Sun, 28 Oct 2018 05:35:55 GMT',
219 verbose headers   connection: 'keep-alive',
219 verbose headers   'set-cookie':
219 verbose headers    [ '__cfduid=db6b6c1f8bd775fa5a49111723336e60c1540704955; expires=Mon, 28-Oct-19 05:35:55 GMT; path=/; domain=.registry.npmjs.org; HttpOnly' ],
219 verbose headers   'cf-cache-status': 'HIT',
219 verbose headers   'cache-control': 'max-age=300',
219 verbose headers   'cf-ray': '470b0ab4faa18fa5-DME',
219 verbose headers   etag: '"f85e86625232beb9960f7db7f9d5bd7f"',
219 verbose headers   'expect-ct': 'max-age=604800, report-uri="https://report-uri.cloudflare.com/cdn-cgi/beacon/expect-ct"',
219 verbose headers   'last-modified': 'Sun, 23 Sep 2018 17:18:26 GMT',
219 verbose headers   vary: 'accept-encoding, accept',
219 verbose headers   'x-amz-meta-rev': '99-6cdeef83668d696d8ac427b07b4c6823',
219 verbose headers   server: 'cloudflare' }
220 silly get cb [ 304,
220 silly get   { date: 'Sun, 28 Oct 2018 05:35:55 GMT',
220 silly get     connection: 'keep-alive',
220 silly get     'set-cookie':
220 silly get      [ '__cfduid=db6b6c1f8bd775fa5a49111723336e60c1540704955; expires=Mon, 28-Oct-19 05:35:55 GMT; path=/; domain=.registry.npmjs.org; HttpOnly' ],
220 silly get     'cf-cache-status': 'HIT',
220 silly get     'cache-control': 'max-age=300',
220 silly get     'cf-ray': '470b0ab4faa18fa5-DME',
220 silly get     etag: '"f85e86625232beb9960f7db7f9d5bd7f"',
220 silly get     'expect-ct': 'max-age=604800, report-uri="https://report-uri.cloudflare.com/cdn-cgi/beacon/expect-ct"',
220 silly get     'last-modified': 'Sun, 23 Sep 2018 17:18:26 GMT',
220 silly get     vary: 'accept-encoding, accept',
220 silly get     'x-amz-meta-rev': '99-6cdeef83668d696d8ac427b07b4c6823',
220 silly get     server: 'cloudflare' } ]
221 verbose etag https://registry.npmjs.org/he from cache
222 verbose get saving he to /home/dmitry/.npm/registry.npmjs.org/he/.cache.json
223 http 304 https://registry.npmjs.org/growl
224 verbose headers { date: 'Sun, 28 Oct 2018 05:35:55 GMT',
224 verbose headers   connection: 'keep-alive',
224 verbose headers   'set-cookie':
224 verbose headers    [ '__cfduid=d4fca8a6acc206fbe4532011fbd58aaee1540704955; expires=Mon, 28-Oct-19 05:35:55 GMT; path=/; domain=.registry.npmjs.org; HttpOnly' ],
224 verbose headers   'cf-cache-status': 'HIT',
224 verbose headers   'cache-control': 'max-age=300',
224 verbose headers   'cf-ray': '470b0ab52a468da1-DME',
224 verbose headers   etag: '"03a81d3279ea8d2a06fb68c7d68a18c7"',
224 verbose headers   'expect-ct': 'max-age=604800, report-uri="https://report-uri.cloudflare.com/cdn-cgi/beacon/expect-ct"',
224 verbose headers   'last-modified': 'Sun, 27 May 2018 02:48:49 GMT',
224 verbose headers   vary: 'accept-encoding, accept',
224 verbose headers   server: 'cloudflare' }
225 silly get cb [ 304,
225 silly get   { date: 'Sun, 28 Oct 2018 05:35:55 GMT',
225 silly get     connection: 'keep-alive',
225 silly get     'set-cookie':
225 silly get      [ '__cfduid=d4fca8a6acc206fbe4532011fbd58aaee1540704955; expires=Mon, 28-Oct-19 05:35:55 GMT; path=/; domain=.registry.npmjs.org; HttpOnly' ],
225 silly get     'cf-cache-status': 'HIT',
225 silly get     'cache-control': 'max-age=300',
225 silly get     'cf-ray': '470b0ab52a468da1-DME',
225 silly get     etag: '"03a81d3279ea8d2a06fb68c7d68a18c7"',
225 silly get     'expect-ct': 'max-age=604800, report-uri="https://report-uri.cloudflare.com/cdn-cgi/beacon/expect-ct"',
225 silly get     'last-modified': 'Sun, 27 May 2018 02:48:49 GMT',
225 silly get     vary: 'accept-encoding, accept',
225 silly get     server: 'cloudflare' } ]
226 verbose etag https://registry.npmjs.org/growl from cache
227 verbose get saving growl to /home/dmitry/.npm/registry.npmjs.org/growl/.cache.json
228 http 304 https://registry.npmjs.org/glob
229 verbose headers { date: 'Sun, 28 Oct 2018 05:35:55 GMT',
229 verbose headers   connection: 'keep-alive',
229 verbose headers   'set-cookie':
229 verbose headers    [ '__cfduid=d08fb6ccea870a624c562ff541bc917cf1540704955; expires=Mon, 28-Oct-19 05:35:55 GMT; path=/; domain=.registry.npmjs.org; HttpOnly' ],
229 verbose headers   'cf-cache-status': 'HIT',
229 verbose headers   'cache-control': 'max-age=300',
229 verbose headers   'cf-ray': '470b0ab4fbe08fab-DME',
229 verbose headers   etag: '"6c24f80b15dd4675d44efcbfb93a21cb"',
229 verbose headers   'expect-ct': 'max-age=604800, report-uri="https://report-uri.cloudflare.com/cdn-cgi/beacon/expect-ct"',
229 verbose headers   'last-modified': 'Mon, 27 Aug 2018 05:05:09 GMT',
229 verbose headers   vary: 'accept-encoding, accept',
229 verbose headers   server: 'cloudflare' }
230 silly get cb [ 304,
230 silly get   { date: 'Sun, 28 Oct 2018 05:35:55 GMT',
230 silly get     connection: 'keep-alive',
230 silly get     'set-cookie':
230 silly get      [ '__cfduid=d08fb6ccea870a624c562ff541bc917cf1540704955; expires=Mon, 28-Oct-19 05:35:55 GMT; path=/; domain=.registry.npmjs.org; HttpOnly' ],
230 silly get     'cf-cache-status': 'HIT',
230 silly get     'cache-control': 'max-age=300',
230 silly get     'cf-ray': '470b0ab4fbe08fab-DME',
230 silly get     etag: '"6c24f80b15dd4675d44efcbfb93a21cb"',
230 silly get     'expect-ct': 'max-age=604800, report-uri="https://report-uri.cloudflare.com/cdn-cgi/beacon/expect-ct"',
230 silly get     'last-modified': 'Mon, 27 Aug 2018 05:05:09 GMT',
230 silly get     vary: 'accept-encoding, accept',
230 silly get     server: 'cloudflare' } ]
231 verbose etag https://registry.npmjs.org/glob from cache
232 verbose get saving glob to /home/dmitry/.npm/registry.npmjs.org/glob/.cache.json
233 verbose get https://registry.npmjs.org/debug not expired, no request
234 http 304 https://registry.npmjs.org/minimatch
235 verbose headers { date: 'Sun, 28 Oct 2018 05:35:55 GMT',
235 verbose headers   connection: 'keep-alive',
235 verbose headers   'set-cookie':
235 verbose headers    [ '__cfduid=ddf40e399af50e48fc7e6f4392f13a9571540704955; expires=Mon, 28-Oct-19 05:35:55 GMT; path=/; domain=.registry.npmjs.org; HttpOnly' ],
235 verbose headers   'cf-cache-status': 'HIT',
235 verbose headers   'cache-control': 'max-age=300',
235 verbose headers   'cf-ray': '470b0ab538988f8d-DME',
235 verbose headers   etag: '"6e7e7da96df71be2863b8b8d1fcb5152"',
235 verbose headers   'expect-ct': 'max-age=604800, report-uri="https://report-uri.cloudflare.com/cdn-cgi/beacon/expect-ct"',
235 verbose headers   'last-modified': 'Sun, 27 May 2018 08:07:30 GMT',
235 verbose headers   vary: 'accept-encoding, accept',
235 verbose headers   server: 'cloudflare' }
236 silly get cb [ 304,
236 silly get   { date: 'Sun, 28 Oct 2018 05:35:55 GMT',
236 silly get     connection: 'keep-alive',
236 silly get     'set-cookie':
236 silly get      [ '__cfduid=ddf40e399af50e48fc7e6f4392f13a9571540704955; expires=Mon, 28-Oct-19 05:35:55 GMT; path=/; domain=.registry.npmjs.org; HttpOnly' ],
236 silly get     'cf-cache-status': 'HIT',
236 silly get     'cache-control': 'max-age=300',
236 silly get     'cf-ray': '470b0ab538988f8d-DME',
236 silly get     etag: '"6e7e7da96df71be2863b8b8d1fcb5152"',
236 silly get     'expect-ct': 'max-age=604800, report-uri="https://report-uri.cloudflare.com/cdn-cgi/beacon/expect-ct"',
236 silly get     'last-modified': 'Sun, 27 May 2018 08:07:30 GMT',
236 silly get     vary: 'accept-encoding, accept',
236 silly get     server: 'cloudflare' } ]
237 verbose etag https://registry.npmjs.org/minimatch from cache
238 verbose get saving minimatch to /home/dmitry/.npm/registry.npmjs.org/minimatch/.cache.json
239 http 304 https://registry.npmjs.org/supports-color
240 verbose headers { date: 'Sun, 28 Oct 2018 05:35:55 GMT',
240 verbose headers   connection: 'keep-alive',
240 verbose headers   'set-cookie':
240 verbose headers    [ '__cfduid=d19733ae5e6dd79e08ef80e9ca730a2d11540704955; expires=Mon, 28-Oct-19 05:35:55 GMT; path=/; domain=.registry.npmjs.org; HttpOnly' ],
240 verbose headers   'cf-cache-status': 'HIT',
240 verbose headers   'cache-control': 'max-age=300',
240 verbose headers   'cf-ray': '470b0ab57b738f5d-DME',
240 verbose headers   etag: '"17ef9e7e03ff799150c584a3bb344312"',
240 verbose headers   'expect-ct': 'max-age=604800, report-uri="https://report-uri.cloudflare.com/cdn-cgi/beacon/expect-ct"',
240 verbose headers   'last-modified': 'Mon, 20 Aug 2018 04:37:41 GMT',
240 verbose headers   vary: 'accept-encoding, accept',
240 verbose headers   server: 'cloudflare' }
241 silly get cb [ 304,
241 silly get   { date: 'Sun, 28 Oct 2018 05:35:55 GMT',
241 silly get     connection: 'keep-alive',
241 silly get     'set-cookie':
241 silly get      [ '__cfduid=d19733ae5e6dd79e08ef80e9ca730a2d11540704955; expires=Mon, 28-Oct-19 05:35:55 GMT; path=/; domain=.registry.npmjs.org; HttpOnly' ],
241 silly get     'cf-cache-status': 'HIT',
241 silly get     'cache-control': 'max-age=300',
241 silly get     'cf-ray': '470b0ab57b738f5d-DME',
241 silly get     etag: '"17ef9e7e03ff799150c584a3bb344312"',
241 silly get     'expect-ct': 'max-age=604800, report-uri="https://report-uri.cloudflare.com/cdn-cgi/beacon/expect-ct"',
241 silly get     'last-modified': 'Mon, 20 Aug 2018 04:37:41 GMT',
241 silly get     vary: 'accept-encoding, accept',
241 silly get     server: 'cloudflare' } ]
242 verbose etag https://registry.npmjs.org/supports-color from cache
243 verbose get saving supports-color to /home/dmitry/.npm/registry.npmjs.org/supports-color/.cache.json
244 silly resolveWithNewModule mkdirp@0.5.1 checking installable status
245 silly cache add args [ 'mkdirp@0.5.1', null ]
246 verbose cache add spec mkdirp@0.5.1
247 silly cache add parsed spec Result {
247 silly cache add   raw: 'mkdirp@0.5.1',
247 silly cache add   scope: null,
247 silly cache add   name: 'mkdirp',
247 silly cache add   rawSpec: '0.5.1',
247 silly cache add   spec: '0.5.1',
247 silly cache add   type: 'version' }
248 silly addNamed mkdirp@0.5.1
249 verbose addNamed "0.5.1" is a plain semver version for mkdirp
250 silly mapToRegistry name mkdirp
251 silly mapToRegistry using default registry
252 silly mapToRegistry registry https://registry.npmjs.org/
253 silly mapToRegistry uri https://registry.npmjs.org/mkdirp
254 verbose addNameVersion registry:https://registry.npmjs.org/mkdirp not in flight; fetching
255 silly resolveWithNewModule diff@3.5.0 checking installable status
256 silly cache add args [ 'diff@3.5.0', null ]
257 verbose cache add spec diff@3.5.0
258 silly cache add parsed spec Result {
258 silly cache add   raw: 'diff@3.5.0',
258 silly cache add   scope: null,
258 silly cache add   name: 'diff',
258 silly cache add   rawSpec: '3.5.0',
258 silly cache add   spec: '3.5.0',
258 silly cache add   type: 'version' }
259 silly addNamed diff@3.5.0
260 verbose addNamed "3.5.0" is a plain semver version for diff
261 silly mapToRegistry name diff
262 silly mapToRegistry using default registry
263 silly mapToRegistry registry https://registry.npmjs.org/
264 silly mapToRegistry uri https://registry.npmjs.org/diff
265 verbose addNameVersion registry:https://registry.npmjs.org/diff not in flight; fetching
266 silly resolveWithNewModule escape-string-regexp@1.0.5 checking installable status
267 silly cache add args [ 'escape-string-regexp@1.0.5', null ]
268 verbose cache add spec escape-string-regexp@1.0.5
269 silly cache add parsed spec Result {
269 silly cache add   raw: 'escape-string-regexp@1.0.5',
269 silly cache add   scope: null,
269 silly cache add   name: 'escape-string-regexp',
269 silly cache add   rawSpec: '1.0.5',
269 silly cache add   spec: '1.0.5',
269 silly cache add   type: 'version' }
270 silly addNamed escape-string-regexp@1.0.5
271 verbose addNamed "1.0.5" is a plain semver version for escape-string-regexp
272 silly mapToRegistry name escape-string-regexp
273 silly mapToRegistry using default registry
274 silly mapToRegistry registry https://registry.npmjs.org/
275 silly mapToRegistry uri https://registry.npmjs.org/escape-string-regexp
276 verbose addNameVersion registry:https://registry.npmjs.org/escape-string-regexp not in flight; fetching
277 silly resolveWithNewModule browser-stdout@1.3.1 checking installable status
278 silly cache add args [ 'browser-stdout@1.3.1', null ]
279 verbose cache add spec browser-stdout@1.3.1
280 silly cache add parsed spec Result {
280 silly cache add   raw: 'browser-stdout@1.3.1',
280 silly cache add   scope: null,
280 silly cache add   name: 'browser-stdout',
280 silly cache add   rawSpec: '1.3.1',
280 silly cache add   spec: '1.3.1',
280 silly cache add   type: 'version' }
281 silly addNamed browser-stdout@1.3.1
282 verbose addNamed "1.3.1" is a plain semver version for browser-stdout
283 silly mapToRegistry name browser-stdout
284 silly mapToRegistry using default registry
285 silly mapToRegistry registry https://registry.npmjs.org/
286 silly mapToRegistry uri https://registry.npmjs.org/browser-stdout
287 verbose addNameVersion registry:https://registry.npmjs.org/browser-stdout not in flight; fetching
288 silly resolveWithNewModule commander@2.15.1 checking installable status
289 silly cache add args [ 'commander@2.15.1', null ]
290 verbose cache add spec commander@2.15.1
291 silly cache add parsed spec Result {
291 silly cache add   raw: 'commander@2.15.1',
291 silly cache add   scope: null,
291 silly cache add   name: 'commander',
291 silly cache add   rawSpec: '2.15.1',
291 silly cache add   spec: '2.15.1',
291 silly cache add   type: 'version' }
292 silly addNamed commander@2.15.1
293 verbose addNamed "2.15.1" is a plain semver version for commander
294 silly mapToRegistry name commander
295 silly mapToRegistry using default registry
296 silly mapToRegistry registry https://registry.npmjs.org/
297 silly mapToRegistry uri https://registry.npmjs.org/commander
298 verbose addNameVersion registry:https://registry.npmjs.org/commander not in flight; fetching
299 silly cache afterAdd debug@3.1.0
300 verbose afterAdd /home/dmitry/.npm/debug/3.1.0/package/package.json not in flight; writing
301 silly resolveWithNewModule he@1.1.1 checking installable status
302 silly cache add args [ 'he@1.1.1', null ]
303 verbose cache add spec he@1.1.1
304 silly cache add parsed spec Result {
304 silly cache add   raw: 'he@1.1.1',
304 silly cache add   scope: null,
304 silly cache add   name: 'he',
304 silly cache add   rawSpec: '1.1.1',
304 silly cache add   spec: '1.1.1',
304 silly cache add   type: 'version' }
305 silly addNamed he@1.1.1
306 verbose addNamed "1.1.1" is a plain semver version for he
307 silly mapToRegistry name he
308 silly mapToRegistry using default registry
309 silly mapToRegistry registry https://registry.npmjs.org/
310 silly mapToRegistry uri https://registry.npmjs.org/he
311 verbose addNameVersion registry:https://registry.npmjs.org/he not in flight; fetching
312 silly resolveWithNewModule growl@1.10.5 checking installable status
313 silly cache add args [ 'growl@1.10.5', null ]
314 verbose cache add spec growl@1.10.5
315 silly cache add parsed spec Result {
315 silly cache add   raw: 'growl@1.10.5',
315 silly cache add   scope: null,
315 silly cache add   name: 'growl',
315 silly cache add   rawSpec: '1.10.5',
315 silly cache add   spec: '1.10.5',
315 silly cache add   type: 'version' }
316 silly addNamed growl@1.10.5
317 verbose addNamed "1.10.5" is a plain semver version for growl
318 silly mapToRegistry name growl
319 silly mapToRegistry using default registry
320 silly mapToRegistry registry https://registry.npmjs.org/
321 silly mapToRegistry uri https://registry.npmjs.org/growl
322 verbose addNameVersion registry:https://registry.npmjs.org/growl not in flight; fetching
323 silly resolveWithNewModule glob@7.1.2 checking installable status
324 silly cache add args [ 'glob@7.1.2', null ]
325 verbose cache add spec glob@7.1.2
326 silly cache add parsed spec Result {
326 silly cache add   raw: 'glob@7.1.2',
326 silly cache add   scope: null,
326 silly cache add   name: 'glob',
326 silly cache add   rawSpec: '7.1.2',
326 silly cache add   spec: '7.1.2',
326 silly cache add   type: 'version' }
327 silly addNamed glob@7.1.2
328 verbose addNamed "7.1.2" is a plain semver version for glob
329 silly mapToRegistry name glob
330 silly mapToRegistry using default registry
331 silly mapToRegistry registry https://registry.npmjs.org/
332 silly mapToRegistry uri https://registry.npmjs.org/glob
333 verbose addNameVersion registry:https://registry.npmjs.org/glob not in flight; fetching
334 silly resolveWithNewModule minimatch@3.0.4 checking installable status
335 silly cache add args [ 'minimatch@3.0.4', null ]
336 verbose cache add spec minimatch@3.0.4
337 silly cache add parsed spec Result {
337 silly cache add   raw: 'minimatch@3.0.4',
337 silly cache add   scope: null,
337 silly cache add   name: 'minimatch',
337 silly cache add   rawSpec: '3.0.4',
337 silly cache add   spec: '3.0.4',
337 silly cache add   type: 'version' }
338 silly addNamed minimatch@3.0.4
339 verbose addNamed "3.0.4" is a plain semver version for minimatch
340 silly mapToRegistry name minimatch
341 silly mapToRegistry using default registry
342 silly mapToRegistry registry https://registry.npmjs.org/
343 silly mapToRegistry uri https://registry.npmjs.org/minimatch
344 verbose addNameVersion registry:https://registry.npmjs.org/minimatch not in flight; fetching
345 verbose get https://registry.npmjs.org/mkdirp not expired, no request
346 verbose get https://registry.npmjs.org/diff not expired, no request
347 verbose get https://registry.npmjs.org/escape-string-regexp not expired, no request
348 verbose get https://registry.npmjs.org/browser-stdout not expired, no request
349 verbose get https://registry.npmjs.org/commander not expired, no request
350 silly resolveWithNewModule supports-color@5.4.0 checking installable status
351 silly cache add args [ 'supports-color@5.4.0', null ]
352 verbose cache add spec supports-color@5.4.0
353 silly cache add parsed spec Result {
353 silly cache add   raw: 'supports-color@5.4.0',
353 silly cache add   scope: null,
353 silly cache add   name: 'supports-color',
353 silly cache add   rawSpec: '5.4.0',
353 silly cache add   spec: '5.4.0',
353 silly cache add   type: 'version' }
354 silly addNamed supports-color@5.4.0
355 verbose addNamed "5.4.0" is a plain semver version for supports-color
356 silly mapToRegistry name supports-color
357 silly mapToRegistry using default registry
358 silly mapToRegistry registry https://registry.npmjs.org/
359 silly mapToRegistry uri https://registry.npmjs.org/supports-color
360 verbose addNameVersion registry:https://registry.npmjs.org/supports-color not in flight; fetching
361 verbose afterAdd /home/dmitry/.npm/debug/3.1.0/package/package.json written
362 verbose get https://registry.npmjs.org/he not expired, no request
363 verbose get https://registry.npmjs.org/growl not expired, no request
364 verbose get https://registry.npmjs.org/glob not expired, no request
365 verbose get https://registry.npmjs.org/minimatch not expired, no request
366 silly cache afterAdd diff@3.5.0
367 verbose afterAdd /home/dmitry/.npm/diff/3.5.0/package/package.json not in flight; writing
368 verbose get https://registry.npmjs.org/supports-color not expired, no request
369 silly cache afterAdd mkdirp@0.5.1
370 verbose afterAdd /home/dmitry/.npm/mkdirp/0.5.1/package/package.json not in flight; writing
371 silly cache afterAdd escape-string-regexp@1.0.5
372 verbose afterAdd /home/dmitry/.npm/escape-string-regexp/1.0.5/package/package.json not in flight; writing
373 silly cache afterAdd commander@2.15.1
374 verbose afterAdd /home/dmitry/.npm/commander/2.15.1/package/package.json not in flight; writing
375 silly cache afterAdd growl@1.10.5
376 verbose afterAdd /home/dmitry/.npm/growl/1.10.5/package/package.json not in flight; writing
377 silly cache afterAdd glob@7.1.2
378 verbose afterAdd /home/dmitry/.npm/glob/7.1.2/package/package.json not in flight; writing
379 silly cache afterAdd he@1.1.1
380 verbose afterAdd /home/dmitry/.npm/he/1.1.1/package/package.json not in flight; writing
381 verbose afterAdd /home/dmitry/.npm/diff/3.5.0/package/package.json written
382 verbose afterAdd /home/dmitry/.npm/mkdirp/0.5.1/package/package.json written
383 verbose afterAdd /home/dmitry/.npm/escape-string-regexp/1.0.5/package/package.json written
384 silly cache afterAdd browser-stdout@1.3.1
385 verbose afterAdd /home/dmitry/.npm/browser-stdout/1.3.1/package/package.json not in flight; writing
386 silly cache afterAdd minimatch@3.0.4
387 verbose afterAdd /home/dmitry/.npm/minimatch/3.0.4/package/package.json not in flight; writing
388 verbose afterAdd /home/dmitry/.npm/commander/2.15.1/package/package.json written
389 silly cache afterAdd supports-color@5.4.0
390 verbose afterAdd /home/dmitry/.npm/supports-color/5.4.0/package/package.json not in flight; writing
391 verbose afterAdd /home/dmitry/.npm/growl/1.10.5/package/package.json written
392 verbose afterAdd /home/dmitry/.npm/glob/7.1.2/package/package.json written
393 verbose afterAdd /home/dmitry/.npm/he/1.1.1/package/package.json written
394 verbose afterAdd /home/dmitry/.npm/browser-stdout/1.3.1/package/package.json written
395 verbose afterAdd /home/dmitry/.npm/minimatch/3.0.4/package/package.json written
396 verbose afterAdd /home/dmitry/.npm/supports-color/5.4.0/package/package.json written
397 silly fetchNamedPackageData ms
398 silly mapToRegistry name ms
399 silly mapToRegistry using default registry
400 silly mapToRegistry registry https://registry.npmjs.org/
401 silly mapToRegistry uri https://registry.npmjs.org/ms
402 verbose request uri https://registry.npmjs.org/ms
403 verbose request no auth needed
404 info attempt registry request try #1 at 8:35:56 AM
405 verbose etag W/"5a85bb57554d845233ccd7495e3fc9c2"
406 verbose lastModified Sat, 06 Oct 2018 06:09:30 GMT
407 http request GET https://registry.npmjs.org/ms
408 http 304 https://registry.npmjs.org/ms
409 verbose headers { date: 'Sun, 28 Oct 2018 05:35:56 GMT',
409 verbose headers   connection: 'keep-alive',
409 verbose headers   'set-cookie':
409 verbose headers    [ '__cfduid=d29674d6febb92a29f6f8d0d98f5df7b31540704956; expires=Mon, 28-Oct-19 05:35:56 GMT; path=/; domain=.registry.npmjs.org; HttpOnly' ],
409 verbose headers   'cf-cache-status': 'HIT',
409 verbose headers   'cache-control': 'max-age=300',
409 verbose headers   'cf-ray': '470b0abc9ff34e78-DME',
409 verbose headers   etag: '"5a85bb57554d845233ccd7495e3fc9c2"',
409 verbose headers   'expect-ct': 'max-age=604800, report-uri="https://report-uri.cloudflare.com/cdn-cgi/beacon/expect-ct"',
409 verbose headers   'last-modified': 'Sat, 06 Oct 2018 06:09:30 GMT',
409 verbose headers   vary: 'accept-encoding, accept',
409 verbose headers   'x-amz-meta-rev': '148-4b50e14211ee29949a1bfee567b48c41',
409 verbose headers   server: 'cloudflare' }
410 silly get cb [ 304,
410 silly get   { date: 'Sun, 28 Oct 2018 05:35:56 GMT',
410 silly get     connection: 'keep-alive',
410 silly get     'set-cookie':
410 silly get      [ '__cfduid=d29674d6febb92a29f6f8d0d98f5df7b31540704956; expires=Mon, 28-Oct-19 05:35:56 GMT; path=/; domain=.registry.npmjs.org; HttpOnly' ],
410 silly get     'cf-cache-status': 'HIT',
410 silly get     'cache-control': 'max-age=300',
410 silly get     'cf-ray': '470b0abc9ff34e78-DME',
410 silly get     etag: '"5a85bb57554d845233ccd7495e3fc9c2"',
410 silly get     'expect-ct': 'max-age=604800, report-uri="https://report-uri.cloudflare.com/cdn-cgi/beacon/expect-ct"',
410 silly get     'last-modified': 'Sat, 06 Oct 2018 06:09:30 GMT',
410 silly get     vary: 'accept-encoding, accept',
410 silly get     'x-amz-meta-rev': '148-4b50e14211ee29949a1bfee567b48c41',
410 silly get     server: 'cloudflare' } ]
411 verbose etag https://registry.npmjs.org/ms from cache
412 verbose get saving ms to /home/dmitry/.npm/registry.npmjs.org/ms/.cache.json
413 silly resolveWithNewModule ms@2.0.0 checking installable status
414 silly cache add args [ 'ms@2.0.0', null ]
415 verbose cache add spec ms@2.0.0
416 silly cache add parsed spec Result {
416 silly cache add   raw: 'ms@2.0.0',
416 silly cache add   scope: null,
416 silly cache add   name: 'ms',
416 silly cache add   rawSpec: '2.0.0',
416 silly cache add   spec: '2.0.0',
416 silly cache add   type: 'version' }
417 silly addNamed ms@2.0.0
418 verbose addNamed "2.0.0" is a plain semver version for ms
419 silly mapToRegistry name ms
420 silly mapToRegistry using default registry
421 silly mapToRegistry registry https://registry.npmjs.org/
422 silly mapToRegistry uri https://registry.npmjs.org/ms
423 verbose addNameVersion registry:https://registry.npmjs.org/ms not in flight; fetching
424 verbose get https://registry.npmjs.org/ms not expired, no request
425 silly cache afterAdd ms@2.0.0
426 verbose afterAdd /home/dmitry/.npm/ms/2.0.0/package/package.json not in flight; writing
427 verbose afterAdd /home/dmitry/.npm/ms/2.0.0/package/package.json written
428 silly fetchNamedPackageData fs.realpath
429 silly mapToRegistry name fs.realpath
430 silly mapToRegistry using default registry
431 silly mapToRegistry registry https://registry.npmjs.org/
432 silly mapToRegistry uri https://registry.npmjs.org/fs.realpath
433 silly fetchNamedPackageData inflight
434 silly mapToRegistry name inflight
435 silly mapToRegistry using default registry
436 silly mapToRegistry registry https://registry.npmjs.org/
437 silly mapToRegistry uri https://registry.npmjs.org/inflight
438 silly fetchNamedPackageData inherits
439 silly mapToRegistry name inherits
440 silly mapToRegistry using default registry
441 silly mapToRegistry registry https://registry.npmjs.org/
442 silly mapToRegistry uri https://registry.npmjs.org/inherits
443 silly fetchNamedPackageData once
444 silly mapToRegistry name once
445 silly mapToRegistry using default registry
446 silly mapToRegistry registry https://registry.npmjs.org/
447 silly mapToRegistry uri https://registry.npmjs.org/once
448 silly fetchNamedPackageData path-is-absolute
449 silly mapToRegistry name path-is-absolute
450 silly mapToRegistry using default registry
451 silly mapToRegistry registry https://registry.npmjs.org/
452 silly mapToRegistry uri https://registry.npmjs.org/path-is-absolute
453 verbose request uri https://registry.npmjs.org/fs.realpath
454 verbose request no auth needed
455 info attempt registry request try #1 at 8:35:57 AM
456 verbose etag W/"38ffb76e1002ddc3cb6c82f7e93e6cb3"
457 verbose lastModified Sun, 27 May 2018 01:17:56 GMT
458 http request GET https://registry.npmjs.org/fs.realpath
459 verbose request uri https://registry.npmjs.org/inherits
460 verbose request no auth needed
461 info attempt registry request try #1 at 8:35:57 AM
462 verbose etag W/"5c44a4fc0c394680c243866b5bc42bf5"
463 verbose lastModified Fri, 03 Aug 2018 00:38:04 GMT
464 http request GET https://registry.npmjs.org/inherits
465 verbose request uri https://registry.npmjs.org/inflight
466 verbose request no auth needed
467 info attempt registry request try #1 at 8:35:57 AM
468 verbose etag W/"ee7822cd1180fc0dc8acae0ecd7775d7"
469 verbose lastModified Sun, 27 May 2018 04:39:13 GMT
470 http request GET https://registry.npmjs.org/inflight
471 verbose request uri https://registry.npmjs.org/path-is-absolute
472 verbose request no auth needed
473 info attempt registry request try #1 at 8:35:57 AM
474 verbose etag W/"889529f8e6c9554a428813bfe5323180"
475 verbose lastModified Sun, 27 May 2018 11:56:47 GMT
476 http request GET https://registry.npmjs.org/path-is-absolute
477 verbose request uri https://registry.npmjs.org/once
478 verbose request no auth needed
479 info attempt registry request try #1 at 8:35:57 AM
480 verbose etag W/"edc9f495d2deed74e80dc05995dc33c2"
481 verbose lastModified Sun, 27 May 2018 11:11:26 GMT
482 http request GET https://registry.npmjs.org/once
483 http 304 https://registry.npmjs.org/fs.realpath
484 verbose headers { date: 'Sun, 28 Oct 2018 05:35:57 GMT',
484 verbose headers   connection: 'keep-alive',
484 verbose headers   'set-cookie':
484 verbose headers    [ '__cfduid=d9ae1459ceae3e6583b9dce3df003415a1540704957; expires=Mon, 28-Oct-19 05:35:57 GMT; path=/; domain=.registry.npmjs.org; HttpOnly' ],
484 verbose headers   'cf-cache-status': 'HIT',
484 verbose headers   'cache-control': 'max-age=300',
484 verbose headers   'cf-ray': '470b0abddbbf8d9b-DME',
484 verbose headers   etag: '"38ffb76e1002ddc3cb6c82f7e93e6cb3"',
484 verbose headers   'expect-ct': 'max-age=604800, report-uri="https://report-uri.cloudflare.com/cdn-cgi/beacon/expect-ct"',
484 verbose headers   'last-modified': 'Sun, 27 May 2018 01:17:56 GMT',
484 verbose headers   vary: 'accept-encoding, accept',
484 verbose headers   server: 'cloudflare' }
485 silly get cb [ 304,
485 silly get   { date: 'Sun, 28 Oct 2018 05:35:57 GMT',
485 silly get     connection: 'keep-alive',
485 silly get     'set-cookie':
485 silly get      [ '__cfduid=d9ae1459ceae3e6583b9dce3df003415a1540704957; expires=Mon, 28-Oct-19 05:35:57 GMT; path=/; domain=.registry.npmjs.org; HttpOnly' ],
485 silly get     'cf-cache-status': 'HIT',
485 silly get     'cache-control': 'max-age=300',
485 silly get     'cf-ray': '470b0abddbbf8d9b-DME',
485 silly get     etag: '"38ffb76e1002ddc3cb6c82f7e93e6cb3"',
485 silly get     'expect-ct': 'max-age=604800, report-uri="https://report-uri.cloudflare.com/cdn-cgi/beacon/expect-ct"',
485 silly get     'last-modified': 'Sun, 27 May 2018 01:17:56 GMT',
485 silly get     vary: 'accept-encoding, accept',
485 silly get     server: 'cloudflare' } ]
486 verbose etag https://registry.npmjs.org/fs.realpath from cache
487 verbose get saving fs.realpath to /home/dmitry/.npm/registry.npmjs.org/fs.realpath/.cache.json
488 http 304 https://registry.npmjs.org/inherits
489 verbose headers { date: 'Sun, 28 Oct 2018 05:35:57 GMT',
489 verbose headers   connection: 'keep-alive',
489 verbose headers   'set-cookie':
489 verbose headers    [ '__cfduid=da16a330eb34567377d38de3233ef08ba1540704957; expires=Mon, 28-Oct-19 05:35:57 GMT; path=/; domain=.registry.npmjs.org; HttpOnly' ],
489 verbose headers   'cf-cache-status': 'HIT',
489 verbose headers   'cache-control': 'max-age=300',
489 verbose headers   'cf-ray': '470b0abdd8464e78-DME',
489 verbose headers   etag: '"5c44a4fc0c394680c243866b5bc42bf5"',
489 verbose headers   'expect-ct': 'max-age=604800, report-uri="https://report-uri.cloudflare.com/cdn-cgi/beacon/expect-ct"',
489 verbose headers   'last-modified': 'Fri, 03 Aug 2018 00:38:04 GMT',
489 verbose headers   vary: 'accept-encoding, accept',
489 verbose headers   server: 'cloudflare' }
490 silly get cb [ 304,
490 silly get   { date: 'Sun, 28 Oct 2018 05:35:57 GMT',
490 silly get     connection: 'keep-alive',
490 silly get     'set-cookie':
490 silly get      [ '__cfduid=da16a330eb34567377d38de3233ef08ba1540704957; expires=Mon, 28-Oct-19 05:35:57 GMT; path=/; domain=.registry.npmjs.org; HttpOnly' ],
490 silly get     'cf-cache-status': 'HIT',
490 silly get     'cache-control': 'max-age=300',
490 silly get     'cf-ray': '470b0abdd8464e78-DME',
490 silly get     etag: '"5c44a4fc0c394680c243866b5bc42bf5"',
490 silly get     'expect-ct': 'max-age=604800, report-uri="https://report-uri.cloudflare.com/cdn-cgi/beacon/expect-ct"',
490 silly get     'last-modified': 'Fri, 03 Aug 2018 00:38:04 GMT',
490 silly get     vary: 'accept-encoding, accept',
490 silly get     server: 'cloudflare' } ]
491 verbose etag https://registry.npmjs.org/inherits from cache
492 verbose get saving inherits to /home/dmitry/.npm/registry.npmjs.org/inherits/.cache.json
493 silly resolveWithNewModule fs.realpath@1.0.0 checking installable status
494 silly cache add args [ 'fs.realpath@^1.0.0', null ]
495 verbose cache add spec fs.realpath@^1.0.0
496 silly cache add parsed spec Result {
496 silly cache add   raw: 'fs.realpath@^1.0.0',
496 silly cache add   scope: null,
496 silly cache add   name: 'fs.realpath',
496 silly cache add   rawSpec: '^1.0.0',
496 silly cache add   spec: '>=1.0.0 <2.0.0',
496 silly cache add   type: 'range' }
497 silly addNamed fs.realpath@>=1.0.0 <2.0.0
498 verbose addNamed ">=1.0.0 <2.0.0" is a valid semver range for fs.realpath
499 silly addNameRange { name: 'fs.realpath', range: '>=1.0.0 <2.0.0', hasData: false }
500 silly mapToRegistry name fs.realpath
501 silly mapToRegistry using default registry
502 silly mapToRegistry registry https://registry.npmjs.org/
503 silly mapToRegistry uri https://registry.npmjs.org/fs.realpath
504 verbose addNameRange registry:https://registry.npmjs.org/fs.realpath not in flight; fetching
505 silly resolveWithNewModule inherits@2.0.3 checking installable status
506 silly cache add args [ 'inherits@2', null ]
507 verbose cache add spec inherits@2
508 silly cache add parsed spec Result {
508 silly cache add   raw: 'inherits@2',
508 silly cache add   scope: null,
508 silly cache add   name: 'inherits',
508 silly cache add   rawSpec: '2',
508 silly cache add   spec: '>=2.0.0 <3.0.0',
508 silly cache add   type: 'range' }
509 silly addNamed inherits@>=2.0.0 <3.0.0
510 verbose addNamed ">=2.0.0 <3.0.0" is a valid semver range for inherits
511 silly addNameRange { name: 'inherits', range: '>=2.0.0 <3.0.0', hasData: false }
512 silly mapToRegistry name inherits
513 silly mapToRegistry using default registry
514 silly mapToRegistry registry https://registry.npmjs.org/
515 silly mapToRegistry uri https://registry.npmjs.org/inherits
516 verbose addNameRange registry:https://registry.npmjs.org/inherits not in flight; fetching
517 http 304 https://registry.npmjs.org/path-is-absolute
518 verbose headers { date: 'Sun, 28 Oct 2018 05:35:57 GMT',
518 verbose headers   connection: 'keep-alive',
518 verbose headers   'set-cookie':
518 verbose headers    [ '__cfduid=d9018292caf84dade69c71daf0564e26e1540704957; expires=Mon, 28-Oct-19 05:35:57 GMT; path=/; domain=.registry.npmjs.org; HttpOnly' ],
518 verbose headers   'cf-cache-status': 'HIT',
518 verbose headers   'cache-control': 'max-age=300',
518 verbose headers   'cf-ray': '470b0abdfd334f14-DME',
518 verbose headers   etag: '"889529f8e6c9554a428813bfe5323180"',
518 verbose headers   'expect-ct': 'max-age=604800, report-uri="https://report-uri.cloudflare.com/cdn-cgi/beacon/expect-ct"',
518 verbose headers   'last-modified': 'Sun, 27 May 2018 11:56:47 GMT',
518 verbose headers   vary: 'accept-encoding, accept',
518 verbose headers   server: 'cloudflare' }
519 silly get cb [ 304,
519 silly get   { date: 'Sun, 28 Oct 2018 05:35:57 GMT',
519 silly get     connection: 'keep-alive',
519 silly get     'set-cookie':
519 silly get      [ '__cfduid=d9018292caf84dade69c71daf0564e26e1540704957; expires=Mon, 28-Oct-19 05:35:57 GMT; path=/; domain=.registry.npmjs.org; HttpOnly' ],
519 silly get     'cf-cache-status': 'HIT',
519 silly get     'cache-control': 'max-age=300',
519 silly get     'cf-ray': '470b0abdfd334f14-DME',
519 silly get     etag: '"889529f8e6c9554a428813bfe5323180"',
519 silly get     'expect-ct': 'max-age=604800, report-uri="https://report-uri.cloudflare.com/cdn-cgi/beacon/expect-ct"',
519 silly get     'last-modified': 'Sun, 27 May 2018 11:56:47 GMT',
519 silly get     vary: 'accept-encoding, accept',
519 silly get     server: 'cloudflare' } ]
520 verbose etag https://registry.npmjs.org/path-is-absolute from cache
521 verbose get saving path-is-absolute to /home/dmitry/.npm/registry.npmjs.org/path-is-absolute/.cache.json
522 http 304 https://registry.npmjs.org/inflight
523 verbose headers { date: 'Sun, 28 Oct 2018 05:35:57 GMT',
523 verbose headers   connection: 'keep-alive',
523 verbose headers   'set-cookie':
523 verbose headers    [ '__cfduid=d92ce8964fc449e8099b734910314ccc81540704957; expires=Mon, 28-Oct-19 05:35:57 GMT; path=/; domain=.registry.npmjs.org; HttpOnly' ],
523 verbose headers   'cf-cache-status': 'HIT',
523 verbose headers   'cache-control': 'max-age=300',
523 verbose headers   'cf-ray': '470b0abdfb004e96-DME',
523 verbose headers   etag: '"ee7822cd1180fc0dc8acae0ecd7775d7"',
523 verbose headers   'expect-ct': 'max-age=604800, report-uri="https://report-uri.cloudflare.com/cdn-cgi/beacon/expect-ct"',
523 verbose headers   'last-modified': 'Sun, 27 May 2018 04:39:13 GMT',
523 verbose headers   vary: 'accept-encoding, accept',
523 verbose headers   server: 'cloudflare' }
524 silly get cb [ 304,
524 silly get   { date: 'Sun, 28 Oct 2018 05:35:57 GMT',
524 silly get     connection: 'keep-alive',
524 silly get     'set-cookie':
524 silly get      [ '__cfduid=d92ce8964fc449e8099b734910314ccc81540704957; expires=Mon, 28-Oct-19 05:35:57 GMT; path=/; domain=.registry.npmjs.org; HttpOnly' ],
524 silly get     'cf-cache-status': 'HIT',
524 silly get     'cache-control': 'max-age=300',
524 silly get     'cf-ray': '470b0abdfb004e96-DME',
524 silly get     etag: '"ee7822cd1180fc0dc8acae0ecd7775d7"',
524 silly get     'expect-ct': 'max-age=604800, report-uri="https://report-uri.cloudflare.com/cdn-cgi/beacon/expect-ct"',
524 silly get     'last-modified': 'Sun, 27 May 2018 04:39:13 GMT',
524 silly get     vary: 'accept-encoding, accept',
524 silly get     server: 'cloudflare' } ]
525 verbose etag https://registry.npmjs.org/inflight from cache
526 verbose get saving inflight to /home/dmitry/.npm/registry.npmjs.org/inflight/.cache.json
527 http 304 https://registry.npmjs.org/once
528 verbose headers { date: 'Sun, 28 Oct 2018 05:35:57 GMT',
528 verbose headers   connection: 'keep-alive',
528 verbose headers   'set-cookie':
528 verbose headers    [ '__cfduid=d2f2c75dd4d631a7bfdab4b62ef3c1dbc1540704957; expires=Mon, 28-Oct-19 05:35:57 GMT; path=/; domain=.registry.npmjs.org; HttpOnly' ],
528 verbose headers   'cf-cache-status': 'HIT',
528 verbose headers   'cache-control': 'max-age=300',
528 verbose headers   'cf-ray': '470b0abdff288fa5-DME',
528 verbose headers   etag: '"edc9f495d2deed74e80dc05995dc33c2"',
528 verbose headers   'expect-ct': 'max-age=604800, report-uri="https://report-uri.cloudflare.com/cdn-cgi/beacon/expect-ct"',
528 verbose headers   'last-modified': 'Sun, 27 May 2018 11:11:26 GMT',
528 verbose headers   vary: 'accept-encoding, accept',
528 verbose headers   server: 'cloudflare' }
529 silly get cb [ 304,
529 silly get   { date: 'Sun, 28 Oct 2018 05:35:57 GMT',
529 silly get     connection: 'keep-alive',
529 silly get     'set-cookie':
529 silly get      [ '__cfduid=d2f2c75dd4d631a7bfdab4b62ef3c1dbc1540704957; expires=Mon, 28-Oct-19 05:35:57 GMT; path=/; domain=.registry.npmjs.org; HttpOnly' ],
529 silly get     'cf-cache-status': 'HIT',
529 silly get     'cache-control': 'max-age=300',
529 silly get     'cf-ray': '470b0abdff288fa5-DME',
529 silly get     etag: '"edc9f495d2deed74e80dc05995dc33c2"',
529 silly get     'expect-ct': 'max-age=604800, report-uri="https://report-uri.cloudflare.com/cdn-cgi/beacon/expect-ct"',
529 silly get     'last-modified': 'Sun, 27 May 2018 11:11:26 GMT',
529 silly get     vary: 'accept-encoding, accept',
529 silly get     server: 'cloudflare' } ]
530 verbose etag https://registry.npmjs.org/once from cache
531 verbose get saving once to /home/dmitry/.npm/registry.npmjs.org/once/.cache.json
532 verbose get https://registry.npmjs.org/fs.realpath not expired, no request
533 silly addNameRange number 2 { name: 'fs.realpath', range: '>=1.0.0 <2.0.0', hasData: true }
534 silly addNameRange versions [ 'fs.realpath', [ '0.0.0', '1.0.0' ] ]
535 silly addNamed fs.realpath@1.0.0
536 verbose addNamed "1.0.0" is a plain semver version for fs.realpath
537 verbose get https://registry.npmjs.org/inherits not expired, no request
538 silly addNameRange number 2 { name: 'inherits', range: '>=2.0.0 <3.0.0', hasData: true }
539 silly addNameRange versions [ 'inherits',
539 silly addNameRange   [ '1.0.0', '2.0.0', '2.0.1', '1.0.1', '1.0.2', '2.0.3' ] ]
540 silly addNamed inherits@2.0.3
541 verbose addNamed "2.0.3" is a plain semver version for inherits
542 silly resolveWithNewModule path-is-absolute@1.0.1 checking installable status
543 silly cache add args [ 'path-is-absolute@^1.0.0', null ]
544 verbose cache add spec path-is-absolute@^1.0.0
545 silly cache add parsed spec Result {
545 silly cache add   raw: 'path-is-absolute@^1.0.0',
545 silly cache add   scope: null,
545 silly cache add   name: 'path-is-absolute',
545 silly cache add   rawSpec: '^1.0.0',
545 silly cache add   spec: '>=1.0.0 <2.0.0',
545 silly cache add   type: 'range' }
546 silly addNamed path-is-absolute@>=1.0.0 <2.0.0
547 verbose addNamed ">=1.0.0 <2.0.0" is a valid semver range for path-is-absolute
548 silly addNameRange { name: 'path-is-absolute',
548 silly addNameRange   range: '>=1.0.0 <2.0.0',
548 silly addNameRange   hasData: false }
549 silly mapToRegistry name path-is-absolute
550 silly mapToRegistry using default registry
551 silly mapToRegistry registry https://registry.npmjs.org/
552 silly mapToRegistry uri https://registry.npmjs.org/path-is-absolute
553 verbose addNameRange registry:https://registry.npmjs.org/path-is-absolute not in flight; fetching
554 silly resolveWithNewModule inflight@1.0.6 checking installable status
555 silly cache add args [ 'inflight@^1.0.4', null ]
556 verbose cache add spec inflight@^1.0.4
557 silly cache add parsed spec Result {
557 silly cache add   raw: 'inflight@^1.0.4',
557 silly cache add   scope: null,
557 silly cache add   name: 'inflight',
557 silly cache add   rawSpec: '^1.0.4',
557 silly cache add   spec: '>=1.0.4 <2.0.0',
557 silly cache add   type: 'range' }
558 silly addNamed inflight@>=1.0.4 <2.0.0
559 verbose addNamed ">=1.0.4 <2.0.0" is a valid semver range for inflight
560 silly addNameRange { name: 'inflight', range: '>=1.0.4 <2.0.0', hasData: false }
561 silly mapToRegistry name inflight
562 silly mapToRegistry using default registry
563 silly mapToRegistry registry https://registry.npmjs.org/
564 silly mapToRegistry uri https://registry.npmjs.org/inflight
565 verbose addNameRange registry:https://registry.npmjs.org/inflight not in flight; fetching
566 silly resolveWithNewModule once@1.4.0 checking installable status
567 silly cache add args [ 'once@^1.3.0', null ]
568 verbose cache add spec once@^1.3.0
569 silly cache add parsed spec Result {
569 silly cache add   raw: 'once@^1.3.0',
569 silly cache add   scope: null,
569 silly cache add   name: 'once',
569 silly cache add   rawSpec: '^1.3.0',
569 silly cache add   spec: '>=1.3.0 <2.0.0',
569 silly cache add   type: 'range' }
570 silly addNamed once@>=1.3.0 <2.0.0
571 verbose addNamed ">=1.3.0 <2.0.0" is a valid semver range for once
572 silly addNameRange { name: 'once', range: '>=1.3.0 <2.0.0', hasData: false }
573 silly mapToRegistry name once
574 silly mapToRegistry using default registry
575 silly mapToRegistry registry https://registry.npmjs.org/
576 silly mapToRegistry uri https://registry.npmjs.org/once
577 verbose addNameRange registry:https://registry.npmjs.org/once not in flight; fetching
578 verbose get https://registry.npmjs.org/path-is-absolute not expired, no request
579 silly addNameRange number 2 { name: 'path-is-absolute',
579 silly addNameRange   range: '>=1.0.0 <2.0.0',
579 silly addNameRange   hasData: true }
580 silly addNameRange versions [ 'path-is-absolute', [ '1.0.0', '1.0.1' ] ]
581 silly addNamed path-is-absolute@1.0.1
582 verbose addNamed "1.0.1" is a plain semver version for path-is-absolute
583 verbose get https://registry.npmjs.org/inflight not expired, no request
584 silly addNameRange number 2 { name: 'inflight', range: '>=1.0.4 <2.0.0', hasData: true }
585 silly addNameRange versions [ 'inflight',
585 silly addNameRange   [ '1.0.0', '1.0.1', '1.0.2', '1.0.3', '1.0.4', '1.0.5', '1.0.6' ] ]
586 silly addNamed inflight@1.0.6
587 verbose addNamed "1.0.6" is a plain semver version for inflight
588 verbose get https://registry.npmjs.org/once not expired, no request
589 silly addNameRange number 2 { name: 'once', range: '>=1.3.0 <2.0.0', hasData: true }
590 silly addNameRange versions [ 'once',
590 silly addNameRange   [ '1.1.1', '1.2.0', '1.3.0', '1.3.1', '1.3.2', '1.3.3', '1.4.0' ] ]
591 silly addNamed once@1.4.0
592 verbose addNamed "1.4.0" is a plain semver version for once
593 silly cache afterAdd fs.realpath@1.0.0
594 verbose afterAdd /home/dmitry/.npm/fs.realpath/1.0.0/package/package.json not in flight; writing
595 silly cache afterAdd inherits@2.0.3
596 verbose afterAdd /home/dmitry/.npm/inherits/2.0.3/package/package.json not in flight; writing
597 silly cache afterAdd inflight@1.0.6
598 verbose afterAdd /home/dmitry/.npm/inflight/1.0.6/package/package.json not in flight; writing
599 silly cache afterAdd path-is-absolute@1.0.1
600 verbose afterAdd /home/dmitry/.npm/path-is-absolute/1.0.1/package/package.json not in flight; writing
601 silly cache afterAdd once@1.4.0
602 verbose afterAdd /home/dmitry/.npm/once/1.4.0/package/package.json not in flight; writing
603 verbose afterAdd /home/dmitry/.npm/fs.realpath/1.0.0/package/package.json written
604 verbose afterAdd /home/dmitry/.npm/inherits/2.0.3/package/package.json written
605 verbose afterAdd /home/dmitry/.npm/inflight/1.0.6/package/package.json written
606 verbose afterAdd /home/dmitry/.npm/path-is-absolute/1.0.1/package/package.json written
607 verbose afterAdd /home/dmitry/.npm/once/1.4.0/package/package.json written
608 silly fetchNamedPackageData wrappy
609 silly mapToRegistry name wrappy
610 silly mapToRegistry using default registry
611 silly mapToRegistry registry https://registry.npmjs.org/
612 silly mapToRegistry uri https://registry.npmjs.org/wrappy
613 verbose request uri https://registry.npmjs.org/wrappy
614 verbose request no auth needed
615 info attempt registry request try #1 at 8:35:57 AM
616 verbose etag W/"c2550d84d2c7b8c47da2551ef2c749ac"
617 verbose lastModified Sun, 27 May 2018 22:18:40 GMT
618 http request GET https://registry.npmjs.org/wrappy
619 http 304 https://registry.npmjs.org/wrappy
620 verbose headers { date: 'Sun, 28 Oct 2018 05:35:57 GMT',
620 verbose headers   connection: 'keep-alive',
620 verbose headers   'set-cookie':
620 verbose headers    [ '__cfduid=dcdb8e378108c2651de75dddc440bed601540704957; expires=Mon, 28-Oct-19 05:35:57 GMT; path=/; domain=.registry.npmjs.org; HttpOnly' ],
620 verbose headers   'cf-cache-status': 'HIT',
620 verbose headers   'cache-control': 'max-age=300',
620 verbose headers   'cf-ray': '470b0abfcd4d8da1-DME',
620 verbose headers   etag: '"c2550d84d2c7b8c47da2551ef2c749ac"',
620 verbose headers   'expect-ct': 'max-age=604800, report-uri="https://report-uri.cloudflare.com/cdn-cgi/beacon/expect-ct"',
620 verbose headers   'last-modified': 'Sun, 27 May 2018 22:18:40 GMT',
620 verbose headers   vary: 'accept-encoding, accept',
620 verbose headers   server: 'cloudflare' }
621 silly get cb [ 304,
621 silly get   { date: 'Sun, 28 Oct 2018 05:35:57 GMT',
621 silly get     connection: 'keep-alive',
621 silly get     'set-cookie':
621 silly get      [ '__cfduid=dcdb8e378108c2651de75dddc440bed601540704957; expires=Mon, 28-Oct-19 05:35:57 GMT; path=/; domain=.registry.npmjs.org; HttpOnly' ],
621 silly get     'cf-cache-status': 'HIT',
621 silly get     'cache-control': 'max-age=300',
621 silly get     'cf-ray': '470b0abfcd4d8da1-DME',
621 silly get     etag: '"c2550d84d2c7b8c47da2551ef2c749ac"',
621 silly get     'expect-ct': 'max-age=604800, report-uri="https://report-uri.cloudflare.com/cdn-cgi/beacon/expect-ct"',
621 silly get     'last-modified': 'Sun, 27 May 2018 22:18:40 GMT',
621 silly get     vary: 'accept-encoding, accept',
621 silly get     server: 'cloudflare' } ]
622 verbose etag https://registry.npmjs.org/wrappy from cache
623 verbose get saving wrappy to /home/dmitry/.npm/registry.npmjs.org/wrappy/.cache.json
624 silly resolveWithNewModule wrappy@1.0.2 checking installable status
625 silly cache add args [ 'wrappy@1', null ]
626 verbose cache add spec wrappy@1
627 silly cache add parsed spec Result {
627 silly cache add   raw: 'wrappy@1',
627 silly cache add   scope: null,
627 silly cache add   name: 'wrappy',
627 silly cache add   rawSpec: '1',
627 silly cache add   spec: '>=1.0.0 <2.0.0',
627 silly cache add   type: 'range' }
628 silly addNamed wrappy@>=1.0.0 <2.0.0
629 verbose addNamed ">=1.0.0 <2.0.0" is a valid semver range for wrappy
630 silly addNameRange { name: 'wrappy', range: '>=1.0.0 <2.0.0', hasData: false }
631 silly mapToRegistry name wrappy
632 silly mapToRegistry using default registry
633 silly mapToRegistry registry https://registry.npmjs.org/
634 silly mapToRegistry uri https://registry.npmjs.org/wrappy
635 verbose addNameRange registry:https://registry.npmjs.org/wrappy not in flight; fetching
636 verbose get https://registry.npmjs.org/wrappy not expired, no request
637 silly addNameRange number 2 { name: 'wrappy', range: '>=1.0.0 <2.0.0', hasData: true }
638 silly addNameRange versions [ 'wrappy', [ '1.0.0', '1.0.1', '1.0.2' ] ]
639 silly addNamed wrappy@1.0.2
640 verbose addNamed "1.0.2" is a plain semver version for wrappy
641 silly cache afterAdd wrappy@1.0.2
642 verbose afterAdd /home/dmitry/.npm/wrappy/1.0.2/package/package.json not in flight; writing
643 verbose afterAdd /home/dmitry/.npm/wrappy/1.0.2/package/package.json written
644 silly fetchNamedPackageData brace-expansion
645 silly mapToRegistry name brace-expansion
646 silly mapToRegistry using default registry
647 silly mapToRegistry registry https://registry.npmjs.org/
648 silly mapToRegistry uri https://registry.npmjs.org/brace-expansion
649 verbose request uri https://registry.npmjs.org/brace-expansion
650 verbose request no auth needed
651 info attempt registry request try #1 at 8:35:57 AM
652 verbose etag W/"e1bb7280c24dff102c3475d67515cff5"
653 verbose lastModified Sat, 26 May 2018 18:55:42 GMT
654 http request GET https://registry.npmjs.org/brace-expansion
655 http 304 https://registry.npmjs.org/brace-expansion
656 verbose headers { date: 'Sun, 28 Oct 2018 05:35:57 GMT',
656 verbose headers   connection: 'keep-alive',
656 verbose headers   'set-cookie':
656 verbose headers    [ '__cfduid=ddd8f015b6ce48aa8c624dd7676507c5a1540704957; expires=Mon, 28-Oct-19 05:35:57 GMT; path=/; domain=.registry.npmjs.org; HttpOnly' ],
656 verbose headers   'cf-cache-status': 'HIT',
656 verbose headers   'cache-control': 'max-age=300',
656 verbose headers   'cf-ray': '470b0ac0385e8fab-DME',
656 verbose headers   etag: '"e1bb7280c24dff102c3475d67515cff5"',
656 verbose headers   'expect-ct': 'max-age=604800, report-uri="https://report-uri.cloudflare.com/cdn-cgi/beacon/expect-ct"',
656 verbose headers   'last-modified': 'Sat, 26 May 2018 18:55:42 GMT',
656 verbose headers   vary: 'accept-encoding, accept',
656 verbose headers   server: 'cloudflare' }
657 silly get cb [ 304,
657 silly get   { date: 'Sun, 28 Oct 2018 05:35:57 GMT',
657 silly get     connection: 'keep-alive',
657 silly get     'set-cookie':
657 silly get      [ '__cfduid=ddd8f015b6ce48aa8c624dd7676507c5a1540704957; expires=Mon, 28-Oct-19 05:35:57 GMT; path=/; domain=.registry.npmjs.org; HttpOnly' ],
657 silly get     'cf-cache-status': 'HIT',
657 silly get     'cache-control': 'max-age=300',
657 silly get     'cf-ray': '470b0ac0385e8fab-DME',
657 silly get     etag: '"e1bb7280c24dff102c3475d67515cff5"',
657 silly get     'expect-ct': 'max-age=604800, report-uri="https://report-uri.cloudflare.com/cdn-cgi/beacon/expect-ct"',
657 silly get     'last-modified': 'Sat, 26 May 2018 18:55:42 GMT',
657 silly get     vary: 'accept-encoding, accept',
657 silly get     server: 'cloudflare' } ]
658 verbose etag https://registry.npmjs.org/brace-expansion from cache
659 verbose get saving brace-expansion to /home/dmitry/.npm/registry.npmjs.org/brace-expansion/.cache.json
660 silly resolveWithNewModule brace-expansion@1.1.11 checking installable status
661 silly cache add args [ 'brace-expansion@^1.1.7', null ]
662 verbose cache add spec brace-expansion@^1.1.7
663 silly cache add parsed spec Result {
663 silly cache add   raw: 'brace-expansion@^1.1.7',
663 silly cache add   scope: null,
663 silly cache add   name: 'brace-expansion',
663 silly cache add   rawSpec: '^1.1.7',
663 silly cache add   spec: '>=1.1.7 <2.0.0',
663 silly cache add   type: 'range' }
664 silly addNamed brace-expansion@>=1.1.7 <2.0.0
665 verbose addNamed ">=1.1.7 <2.0.0" is a valid semver range for brace-expansion
666 silly addNameRange { name: 'brace-expansion',
666 silly addNameRange   range: '>=1.1.7 <2.0.0',
666 silly addNameRange   hasData: false }
667 silly mapToRegistry name brace-expansion
668 silly mapToRegistry using default registry
669 silly mapToRegistry registry https://registry.npmjs.org/
670 silly mapToRegistry uri https://registry.npmjs.org/brace-expansion
671 verbose addNameRange registry:https://registry.npmjs.org/brace-expansion not in flight; fetching
672 verbose get https://registry.npmjs.org/brace-expansion not expired, no request
673 silly addNameRange number 2 { name: 'brace-expansion',
673 silly addNameRange   range: '>=1.1.7 <2.0.0',
673 silly addNameRange   hasData: true }
674 silly addNameRange versions [ 'brace-expansion',
674 silly addNameRange   [ '0.0.0',
674 silly addNameRange     '1.0.0',
674 silly addNameRange     '1.0.1',
674 silly addNameRange     '1.1.0',
674 silly addNameRange     '1.1.1',
674 silly addNameRange     '1.1.2',
674 silly addNameRange     '1.1.3',
674 silly addNameRange     '1.1.4',
674 silly addNameRange     '1.1.5',
674 silly addNameRange     '1.1.6',
674 silly addNameRange     '1.1.7',
674 silly addNameRange     '1.1.8',
674 silly addNameRange     '1.1.9',
674 silly addNameRange     '1.1.10',
674 silly addNameRange     '1.1.11' ] ]
675 silly addNamed brace-expansion@1.1.11
676 verbose addNamed "1.1.11" is a plain semver version for brace-expansion
677 silly cache afterAdd brace-expansion@1.1.11
678 verbose afterAdd /home/dmitry/.npm/brace-expansion/1.1.11/package/package.json not in flight; writing
679 verbose afterAdd /home/dmitry/.npm/brace-expansion/1.1.11/package/package.json written
680 silly fetchNamedPackageData balanced-match
681 silly mapToRegistry name balanced-match
682 silly mapToRegistry using default registry
683 silly mapToRegistry registry https://registry.npmjs.org/
684 silly mapToRegistry uri https://registry.npmjs.org/balanced-match
685 silly fetchNamedPackageData concat-map
686 silly mapToRegistry name concat-map
687 silly mapToRegistry using default registry
688 silly mapToRegistry registry https://registry.npmjs.org/
689 silly mapToRegistry uri https://registry.npmjs.org/concat-map
690 verbose request uri https://registry.npmjs.org/balanced-match
691 verbose request no auth needed
692 info attempt registry request try #1 at 8:35:57 AM
693 verbose etag W/"768eec147806bc710f6b097c6384abbf"
694 verbose lastModified Sat, 26 May 2018 18:06:43 GMT
695 http request GET https://registry.npmjs.org/balanced-match
696 verbose request uri https://registry.npmjs.org/concat-map
697 verbose request no auth needed
698 info attempt registry request try #1 at 8:35:57 AM
699 verbose etag W/"94c413d99b46c784f563e6153e58a1d4"
700 verbose lastModified Sat, 26 May 2018 20:40:55 GMT
701 http request GET https://registry.npmjs.org/concat-map
702 http 304 https://registry.npmjs.org/balanced-match
703 verbose headers { date: 'Sun, 28 Oct 2018 05:35:57 GMT',
703 verbose headers   connection: 'keep-alive',
703 verbose headers   'set-cookie':
703 verbose headers    [ '__cfduid=d4ee74ebe7be85a7fcb5962693e3649d81540704957; expires=Mon, 28-Oct-19 05:35:57 GMT; path=/; domain=.registry.npmjs.org; HttpOnly' ],
703 verbose headers   'cf-cache-status': 'HIT',
703 verbose headers   'cache-control': 'max-age=300',
703 verbose headers   'cf-ray': '470b0ac13e0a8f8d-DME',
703 verbose headers   etag: '"768eec147806bc710f6b097c6384abbf"',
703 verbose headers   'expect-ct': 'max-age=604800, report-uri="https://report-uri.cloudflare.com/cdn-cgi/beacon/expect-ct"',
703 verbose headers   'last-modified': 'Sat, 26 May 2018 18:06:43 GMT',
703 verbose headers   vary: 'accept-encoding, accept',
703 verbose headers   server: 'cloudflare' }
704 silly get cb [ 304,
704 silly get   { date: 'Sun, 28 Oct 2018 05:35:57 GMT',
704 silly get     connection: 'keep-alive',
704 silly get     'set-cookie':
704 silly get      [ '__cfduid=d4ee74ebe7be85a7fcb5962693e3649d81540704957; expires=Mon, 28-Oct-19 05:35:57 GMT; path=/; domain=.registry.npmjs.org; HttpOnly' ],
704 silly get     'cf-cache-status': 'HIT',
704 silly get     'cache-control': 'max-age=300',
704 silly get     'cf-ray': '470b0ac13e0a8f8d-DME',
704 silly get     etag: '"768eec147806bc710f6b097c6384abbf"',
704 silly get     'expect-ct': 'max-age=604800, report-uri="https://report-uri.cloudflare.com/cdn-cgi/beacon/expect-ct"',
704 silly get     'last-modified': 'Sat, 26 May 2018 18:06:43 GMT',
704 silly get     vary: 'accept-encoding, accept',
704 silly get     server: 'cloudflare' } ]
705 verbose etag https://registry.npmjs.org/balanced-match from cache
706 verbose get saving balanced-match to /home/dmitry/.npm/registry.npmjs.org/balanced-match/.cache.json
707 silly resolveWithNewModule balanced-match@1.0.0 checking installable status
708 silly cache add args [ 'balanced-match@^1.0.0', null ]
709 verbose cache add spec balanced-match@^1.0.0
710 silly cache add parsed spec Result {
710 silly cache add   raw: 'balanced-match@^1.0.0',
710 silly cache add   scope: null,
710 silly cache add   name: 'balanced-match',
710 silly cache add   rawSpec: '^1.0.0',
710 silly cache add   spec: '>=1.0.0 <2.0.0',
710 silly cache add   type: 'range' }
711 silly addNamed balanced-match@>=1.0.0 <2.0.0
712 verbose addNamed ">=1.0.0 <2.0.0" is a valid semver range for balanced-match
713 silly addNameRange { name: 'balanced-match',
713 silly addNameRange   range: '>=1.0.0 <2.0.0',
713 silly addNameRange   hasData: false }
714 silly mapToRegistry name balanced-match
715 silly mapToRegistry using default registry
716 silly mapToRegistry registry https://registry.npmjs.org/
717 silly mapToRegistry uri https://registry.npmjs.org/balanced-match
718 verbose addNameRange registry:https://registry.npmjs.org/balanced-match not in flight; fetching
719 http 304 https://registry.npmjs.org/concat-map
720 verbose headers { date: 'Sun, 28 Oct 2018 05:35:57 GMT',
720 verbose headers   connection: 'keep-alive',
720 verbose headers   'set-cookie':
720 verbose headers    [ '__cfduid=d5a5c4132096a9ddd03e1fda5b53e73541540704957; expires=Mon, 28-Oct-19 05:35:57 GMT; path=/; domain=.registry.npmjs.org; HttpOnly' ],
720 verbose headers   'cf-cache-status': 'HIT',
720 verbose headers   'cache-control': 'max-age=300',
720 verbose headers   'cf-ray': '470b0ac13f868f5d-DME',
720 verbose headers   etag: '"94c413d99b46c784f563e6153e58a1d4"',
720 verbose headers   'expect-ct': 'max-age=604800, report-uri="https://report-uri.cloudflare.com/cdn-cgi/beacon/expect-ct"',
720 verbose headers   'last-modified': 'Sat, 26 May 2018 20:40:55 GMT',
720 verbose headers   vary: 'accept-encoding, accept',
720 verbose headers   server: 'cloudflare' }
721 silly get cb [ 304,
721 silly get   { date: 'Sun, 28 Oct 2018 05:35:57 GMT',
721 silly get     connection: 'keep-alive',
721 silly get     'set-cookie':
721 silly get      [ '__cfduid=d5a5c4132096a9ddd03e1fda5b53e73541540704957; expires=Mon, 28-Oct-19 05:35:57 GMT; path=/; domain=.registry.npmjs.org; HttpOnly' ],
721 silly get     'cf-cache-status': 'HIT',
721 silly get     'cache-control': 'max-age=300',
721 silly get     'cf-ray': '470b0ac13f868f5d-DME',
721 silly get     etag: '"94c413d99b46c784f563e6153e58a1d4"',
721 silly get     'expect-ct': 'max-age=604800, report-uri="https://report-uri.cloudflare.com/cdn-cgi/beacon/expect-ct"',
721 silly get     'last-modified': 'Sat, 26 May 2018 20:40:55 GMT',
721 silly get     vary: 'accept-encoding, accept',
721 silly get     server: 'cloudflare' } ]
722 verbose etag https://registry.npmjs.org/concat-map from cache
723 verbose get saving concat-map to /home/dmitry/.npm/registry.npmjs.org/concat-map/.cache.json
724 verbose get https://registry.npmjs.org/balanced-match not expired, no request
725 silly addNameRange number 2 { name: 'balanced-match',
725 silly addNameRange   range: '>=1.0.0 <2.0.0',
725 silly addNameRange   hasData: true }
726 silly addNameRange versions [ 'balanced-match',
726 silly addNameRange   [ '0.0.0',
726 silly addNameRange     '0.0.1',
726 silly addNameRange     '0.1.0',
726 silly addNameRange     '0.2.0',
726 silly addNameRange     '0.2.1',
726 silly addNameRange     '0.3.0',
726 silly addNameRange     '0.4.0',
726 silly addNameRange     '0.4.1',
726 silly addNameRange     '0.4.2',
726 silly addNameRange     '1.0.0' ] ]
727 silly addNamed balanced-match@1.0.0
728 verbose addNamed "1.0.0" is a plain semver version for balanced-match
729 silly resolveWithNewModule concat-map@0.0.1 checking installable status
730 silly cache add args [ 'concat-map@0.0.1', null ]
731 verbose cache add spec concat-map@0.0.1
732 silly cache add parsed spec Result {
732 silly cache add   raw: 'concat-map@0.0.1',
732 silly cache add   scope: null,
732 silly cache add   name: 'concat-map',
732 silly cache add   rawSpec: '0.0.1',
732 silly cache add   spec: '0.0.1',
732 silly cache add   type: 'version' }
733 silly addNamed concat-map@0.0.1
734 verbose addNamed "0.0.1" is a plain semver version for concat-map
735 silly mapToRegistry name concat-map
736 silly mapToRegistry using default registry
737 silly mapToRegistry registry https://registry.npmjs.org/
738 silly mapToRegistry uri https://registry.npmjs.org/concat-map
739 verbose addNameVersion registry:https://registry.npmjs.org/concat-map not in flight; fetching
740 verbose get https://registry.npmjs.org/concat-map not expired, no request
741 silly cache afterAdd balanced-match@1.0.0
742 verbose afterAdd /home/dmitry/.npm/balanced-match/1.0.0/package/package.json not in flight; writing
743 verbose afterAdd /home/dmitry/.npm/balanced-match/1.0.0/package/package.json written
744 silly cache afterAdd concat-map@0.0.1
745 verbose afterAdd /home/dmitry/.npm/concat-map/0.0.1/package/package.json not in flight; writing
746 verbose afterAdd /home/dmitry/.npm/concat-map/0.0.1/package/package.json written
747 silly fetchNamedPackageData minimist
748 silly mapToRegistry name minimist
749 silly mapToRegistry using default registry
750 silly mapToRegistry registry https://registry.npmjs.org/
751 silly mapToRegistry uri https://registry.npmjs.org/minimist
752 verbose request uri https://registry.npmjs.org/minimist
753 verbose request no auth needed
754 info attempt registry request try #1 at 8:35:57 AM
755 verbose etag W/"7d55e0b2272593789eb672d2ee231421"
756 verbose lastModified Thu, 27 Sep 2018 08:51:15 GMT
757 http request GET https://registry.npmjs.org/minimist
758 http 304 https://registry.npmjs.org/minimist
759 verbose headers { date: 'Sun, 28 Oct 2018 05:35:57 GMT',
759 verbose headers   connection: 'keep-alive',
759 verbose headers   'set-cookie':
759 verbose headers    [ '__cfduid=da16a330eb34567377d38de3233ef08ba1540704957; expires=Mon, 28-Oct-19 05:35:57 GMT; path=/; domain=.registry.npmjs.org; HttpOnly' ],
759 verbose headers   'cf-cache-status': 'HIT',
759 verbose headers   'cache-control': 'max-age=300',
759 verbose headers   'cf-ray': '470b0ac219704e78-DME',
759 verbose headers   etag: '"7d55e0b2272593789eb672d2ee231421"',
759 verbose headers   'expect-ct': 'max-age=604800, report-uri="https://report-uri.cloudflare.com/cdn-cgi/beacon/expect-ct"',
759 verbose headers   'last-modified': 'Thu, 27 Sep 2018 08:51:15 GMT',
759 verbose headers   vary: 'accept-encoding, accept',
759 verbose headers   'x-amz-meta-rev': '552-74643d5de0aa7b335a0397f4286df41b',
759 verbose headers   server: 'cloudflare' }
760 silly get cb [ 304,
760 silly get   { date: 'Sun, 28 Oct 2018 05:35:57 GMT',
760 silly get     connection: 'keep-alive',
760 silly get     'set-cookie':
760 silly get      [ '__cfduid=da16a330eb34567377d38de3233ef08ba1540704957; expires=Mon, 28-Oct-19 05:35:57 GMT; path=/; domain=.registry.npmjs.org; HttpOnly' ],
760 silly get     'cf-cache-status': 'HIT',
760 silly get     'cache-control': 'max-age=300',
760 silly get     'cf-ray': '470b0ac219704e78-DME',
760 silly get     etag: '"7d55e0b2272593789eb672d2ee231421"',
760 silly get     'expect-ct': 'max-age=604800, report-uri="https://report-uri.cloudflare.com/cdn-cgi/beacon/expect-ct"',
760 silly get     'last-modified': 'Thu, 27 Sep 2018 08:51:15 GMT',
760 silly get     vary: 'accept-encoding, accept',
760 silly get     'x-amz-meta-rev': '552-74643d5de0aa7b335a0397f4286df41b',
760 silly get     server: 'cloudflare' } ]
761 verbose etag https://registry.npmjs.org/minimist from cache
762 verbose get saving minimist to /home/dmitry/.npm/registry.npmjs.org/minimist/.cache.json
763 silly resolveWithNewModule minimist@0.0.8 checking installable status
764 silly cache add args [ 'minimist@0.0.8', null ]
765 verbose cache add spec minimist@0.0.8
766 silly cache add parsed spec Result {
766 silly cache add   raw: 'minimist@0.0.8',
766 silly cache add   scope: null,
766 silly cache add   name: 'minimist',
766 silly cache add   rawSpec: '0.0.8',
766 silly cache add   spec: '0.0.8',
766 silly cache add   type: 'version' }
767 silly addNamed minimist@0.0.8
768 verbose addNamed "0.0.8" is a plain semver version for minimist
769 silly mapToRegistry name minimist
770 silly mapToRegistry using default registry
771 silly mapToRegistry registry https://registry.npmjs.org/
772 silly mapToRegistry uri https://registry.npmjs.org/minimist
773 verbose addNameVersion registry:https://registry.npmjs.org/minimist not in flight; fetching
774 verbose get https://registry.npmjs.org/minimist not expired, no request
775 silly cache afterAdd minimist@0.0.8
776 verbose afterAdd /home/dmitry/.npm/minimist/0.0.8/package/package.json not in flight; writing
777 verbose afterAdd /home/dmitry/.npm/minimist/0.0.8/package/package.json written
778 silly fetchNamedPackageData has-flag
779 silly mapToRegistry name has-flag
780 silly mapToRegistry using default registry
781 silly mapToRegistry registry https://registry.npmjs.org/
782 silly mapToRegistry uri https://registry.npmjs.org/has-flag
783 verbose request uri https://registry.npmjs.org/has-flag
784 verbose request no auth needed
785 info attempt registry request try #1 at 8:35:57 AM
786 verbose etag W/"cadac1c1cc1ff622672831a21871ceca"
787 verbose lastModified Sun, 27 May 2018 03:34:16 GMT
788 http request GET https://registry.npmjs.org/has-flag
789 http 304 https://registry.npmjs.org/has-flag
790 verbose headers { date: 'Sun, 28 Oct 2018 05:35:57 GMT',
790 verbose headers   connection: 'keep-alive',
790 verbose headers   'set-cookie':
790 verbose headers    [ '__cfduid=d9ae1459ceae3e6583b9dce3df003415a1540704957; expires=Mon, 28-Oct-19 05:35:57 GMT; path=/; domain=.registry.npmjs.org; HttpOnly' ],
790 verbose headers   'cf-cache-status': 'HIT',
790 verbose headers   'cache-control': 'max-age=300',
790 verbose headers   'cf-ray': '470b0ac2acfc8d9b-DME',
790 verbose headers   etag: '"cadac1c1cc1ff622672831a21871ceca"',
790 verbose headers   'expect-ct': 'max-age=604800, report-uri="https://report-uri.cloudflare.com/cdn-cgi/beacon/expect-ct"',
790 verbose headers   'last-modified': 'Sun, 27 May 2018 03:34:16 GMT',
790 verbose headers   vary: 'accept-encoding, accept',
790 verbose headers   server: 'cloudflare' }
791 silly get cb [ 304,
791 silly get   { date: 'Sun, 28 Oct 2018 05:35:57 GMT',
791 silly get     connection: 'keep-alive',
791 silly get     'set-cookie':
791 silly get      [ '__cfduid=d9ae1459ceae3e6583b9dce3df003415a1540704957; expires=Mon, 28-Oct-19 05:35:57 GMT; path=/; domain=.registry.npmjs.org; HttpOnly' ],
791 silly get     'cf-cache-status': 'HIT',
791 silly get     'cache-control': 'max-age=300',
791 silly get     'cf-ray': '470b0ac2acfc8d9b-DME',
791 silly get     etag: '"cadac1c1cc1ff622672831a21871ceca"',
791 silly get     'expect-ct': 'max-age=604800, report-uri="https://report-uri.cloudflare.com/cdn-cgi/beacon/expect-ct"',
791 silly get     'last-modified': 'Sun, 27 May 2018 03:34:16 GMT',
791 silly get     vary: 'accept-encoding, accept',
791 silly get     server: 'cloudflare' } ]
792 verbose etag https://registry.npmjs.org/has-flag from cache
793 verbose get saving has-flag to /home/dmitry/.npm/registry.npmjs.org/has-flag/.cache.json
794 silly resolveWithNewModule has-flag@3.0.0 checking installable status
795 silly cache add args [ 'has-flag@^3.0.0', null ]
796 verbose cache add spec has-flag@^3.0.0
797 silly cache add parsed spec Result {
797 silly cache add   raw: 'has-flag@^3.0.0',
797 silly cache add   scope: null,
797 silly cache add   name: 'has-flag',
797 silly cache add   rawSpec: '^3.0.0',
797 silly cache add   spec: '>=3.0.0 <4.0.0',
797 silly cache add   type: 'range' }
798 silly addNamed has-flag@>=3.0.0 <4.0.0
799 verbose addNamed ">=3.0.0 <4.0.0" is a valid semver range for has-flag
800 silly addNameRange { name: 'has-flag', range: '>=3.0.0 <4.0.0', hasData: false }
801 silly mapToRegistry name has-flag
802 silly mapToRegistry using default registry
803 silly mapToRegistry registry https://registry.npmjs.org/
804 silly mapToRegistry uri https://registry.npmjs.org/has-flag
805 verbose addNameRange registry:https://registry.npmjs.org/has-flag not in flight; fetching
806 verbose get https://registry.npmjs.org/has-flag not expired, no request
807 silly addNameRange number 2 { name: 'has-flag', range: '>=3.0.0 <4.0.0', hasData: true }
808 silly addNameRange versions [ 'has-flag', [ '1.0.0', '2.0.0', '3.0.0' ] ]
809 silly addNamed has-flag@3.0.0
810 verbose addNamed "3.0.0" is a plain semver version for has-flag
811 silly cache afterAdd has-flag@3.0.0
812 verbose afterAdd /home/dmitry/.npm/has-flag/3.0.0/package/package.json not in flight; writing
813 verbose afterAdd /home/dmitry/.npm/has-flag/3.0.0/package/package.json written
814 silly loadAllDepsIntoIdealTree Finishing
815 silly idealTree:prePrune lib
815 silly idealTree:prePrune  mocha@5.2.0
815 silly idealTree:prePrune    balanced-match@1.0.0
815 silly idealTree:prePrune    brace-expansion@1.1.11
815 silly idealTree:prePrune    browser-stdout@1.3.1
815 silly idealTree:prePrune    commander@2.15.1
815 silly idealTree:prePrune    concat-map@0.0.1
815 silly idealTree:prePrune    debug@3.1.0
815 silly idealTree:prePrune    diff@3.5.0
815 silly idealTree:prePrune    escape-string-regexp@1.0.5
815 silly idealTree:prePrune    fs.realpath@1.0.0
815 silly idealTree:prePrune    glob@7.1.2
815 silly idealTree:prePrune    growl@1.10.5
815 silly idealTree:prePrune    has-flag@3.0.0
815 silly idealTree:prePrune    he@1.1.1
815 silly idealTree:prePrune    inflight@1.0.6
815 silly idealTree:prePrune    inherits@2.0.3
815 silly idealTree:prePrune    minimatch@3.0.4
815 silly idealTree:prePrune    minimist@0.0.8
815 silly idealTree:prePrune    mkdirp@0.5.1
815 silly idealTree:prePrune    ms@2.0.0
815 silly idealTree:prePrune    once@1.4.0
815 silly idealTree:prePrune    path-is-absolute@1.0.1
815 silly idealTree:prePrune    supports-color@5.4.0
815 silly idealTree:prePrune    wrappy@1.0.2
816 silly loadIdealTree Finishing
817 silly currentTree lib
818 silly idealTree lib
818 silly idealTree  mocha@5.2.0
818 silly idealTree    balanced-match@1.0.0
818 silly idealTree    brace-expansion@1.1.11
818 silly idealTree    browser-stdout@1.3.1
818 silly idealTree    commander@2.15.1
818 silly idealTree    concat-map@0.0.1
818 silly idealTree    debug@3.1.0
818 silly idealTree    diff@3.5.0
818 silly idealTree    escape-string-regexp@1.0.5
818 silly idealTree    fs.realpath@1.0.0
818 silly idealTree    glob@7.1.2
818 silly idealTree    growl@1.10.5
818 silly idealTree    has-flag@3.0.0
818 silly idealTree    he@1.1.1
818 silly idealTree    inflight@1.0.6
818 silly idealTree    inherits@2.0.3
818 silly idealTree    minimatch@3.0.4
818 silly idealTree    minimist@0.0.8
818 silly idealTree    mkdirp@0.5.1
818 silly idealTree    ms@2.0.0
818 silly idealTree    once@1.4.0
818 silly idealTree    path-is-absolute@1.0.1
818 silly idealTree    supports-color@5.4.0
818 silly idealTree    wrappy@1.0.2
819 silly generateActionsToTake Starting
820 silly install generateActionsToTake
821 warn checkPermissions Missing write access to /usr/local/lib
822 silly rollbackFailedOptional Starting
823 silly rollbackFailedOptional Finishing
824 silly runTopLevelLifecycles Starting
825 silly runTopLevelLifecycles Finishing
826 silly install printInstalled
827 verbose stack Error: EACCES: permission denied, access '/usr/local/lib'
828 verbose cwd /home/dmitry/rsschool-codejam
829 error Linux 4.15.0-20-generic
830 error argv "/usr/bin/node" "/usr/bin/npm" "install" "mocha" "-g"
831 error node v8.10.0
832 error npm  v3.5.2
833 error path /usr/local/lib
834 error code EACCES
835 error errno -13
836 error syscall access
837 error Error: EACCES: permission denied, access '/usr/local/lib'
837 error  { Error: EACCES: permission denied, access '/usr/local/lib'
837 error   errno: -13,
837 error   code: 'EACCES',
837 error   syscall: 'access',
837 error   path: '/usr/local/lib' }
838 error Please try running this command again as root/Administrator.
839 verbose exit [ -13, true ]
